#
# An unexpected error has been detected by Java Runtime Environment:
#
# java.lang.OutOfMemoryError: Cannot create GC thread. Out of system resources.
#
#  Internal Error (gcTaskThread.cpp:41), pid=11659, tid=139689221478144
#  Error: Cannot create GC thread. Out of system resources.
#
# Java VM: Java HotSpot(TM) 64-Bit Server VM (11.2-b01 mixed mode linux-amd64)
# If you would like to submit a bug report, please visit:
#   http://java.sun.com/webapps/bugreport/crash.jsp
#

---------------  T H R E A D  ---------------

Current thread (0x00007f0be8038000):  JavaThread "Unknown thread" [_thread_in_vm, id=11798, stack(0x00007f0bedccd000,0x00007f0bee6ce000)]

Stack: [0x00007f0bedccd000,0x00007f0bee6ce000],  sp=0x00007f0bee6cbe90,  free space=10235k
Native frames: (J=compiled Java code, j=interpreted, Vv=VM code, C=native code)
V  [libjvm.so+0x5fc16f]
V  [libjvm.so+0x26e1c8]
V  [libjvm.so+0x2c0cad]
V  [libjvm.so+0x2bf7ee]
V  [libjvm.so+0x2bf583]
V  [libjvm.so+0x4f2d07]
V  [libjvm.so+0x5d7dec]
V  [libjvm.so+0x5d7a9a]
V  [libjvm.so+0x2f48d5]
V  [libjvm.so+0x5c1b47]
V  [libjvm.so+0x349910]
C  [libmwjmi.so+0x2df9d]  _Z9InitSunVMv+0x75d
C  [libmwjmi.so+0x2e64b]
C  [libmwjmi.so+0x1a695]  _Z7mljInitv+0x15
C  [libmwmcr.so+0x2c15e]
C  [libmwmcr.so+0x1e374]
C  [libmwmcr.so+0x1e5df]
C  [MATLAB+0x405c]
C  [MATLAB+0x2c73]
C  [libmwmcr.so+0x4ceec]


---------------  P R O C E S S  ---------------

Java Threads: ( => current thread )

Other Threads:

=>0x00007f0be8038000 (exited) JavaThread "Unknown thread" [_thread_in_vm, id=11798, stack(0x00007f0bedccd000,0x00007f0bee6ce000)]

VM state:not at safepoint (not fully initialized)

VM Mutex/Monitor currently owned by a thread: None

Dynamic libraries:
00400000-00406000 r-xp 00000000 00:25 1703955                            /net/per900a/usr/local/matlab2009b/bin/glnxa64/MATLAB
00606000-00607000 rw-p 00006000 00:25 1703955                            /net/per900a/usr/local/matlab2009b/bin/glnxa64/MATLAB
01ed2000-01fba000 rw-p 00000000 00:00 0                                  [heap]
326b200000-326b220000 r-xp 00000000 fd:00 1720                           /lib64/ld-2.12.so
326b41f000-326b420000 r--p 0001f000 fd:00 1720                           /lib64/ld-2.12.so
326b420000-326b421000 rw-p 00020000 fd:00 1720                           /lib64/ld-2.12.so
326b421000-326b422000 rw-p 00000000 00:00 0 
326b600000-326b78b000 r-xp 00000000 fd:00 2676                           /lib64/libc-2.12.so
326b78b000-326b98a000 ---p 0018b000 fd:00 2676                           /lib64/libc-2.12.so
326b98a000-326b98e000 r--p 0018a000 fd:00 2676                           /lib64/libc-2.12.so
326b98e000-326b98f000 rw-p 0018e000 fd:00 2676                           /lib64/libc-2.12.so
326b98f000-326b994000 rw-p 00000000 00:00 0 
326ba00000-326ba83000 r-xp 00000000 fd:00 225                            /lib64/libm-2.12.so
326ba83000-326bc82000 ---p 00083000 fd:00 225                            /lib64/libm-2.12.so
326bc82000-326bc83000 r--p 00082000 fd:00 225                            /lib64/libm-2.12.so
326bc83000-326bc84000 rw-p 00083000 fd:00 225                            /lib64/libm-2.12.so
326be00000-326be02000 r-xp 00000000 fd:00 231                            /lib64/libdl-2.12.so
326be02000-326c002000 ---p 00002000 fd:00 231                            /lib64/libdl-2.12.so
326c002000-326c003000 r--p 00002000 fd:00 231                            /lib64/libdl-2.12.so
326c003000-326c004000 rw-p 00003000 fd:00 231                            /lib64/libdl-2.12.so
326c200000-326c217000 r-xp 00000000 fd:00 2815                           /lib64/libpthread-2.12.so
326c217000-326c417000 ---p 00017000 fd:00 2815                           /lib64/libpthread-2.12.so
326c417000-326c418000 r--p 00017000 fd:00 2815                           /lib64/libpthread-2.12.so
326c418000-326c419000 rw-p 00018000 fd:00 2815                           /lib64/libpthread-2.12.so
326c419000-326c41d000 rw-p 00000000 00:00 0 
326c600000-326c615000 r-xp 00000000 fd:00 9472                           /lib64/libz.so.1.2.3
326c615000-326c814000 ---p 00015000 fd:00 9472                           /lib64/libz.so.1.2.3
326c814000-326c815000 r--p 00014000 fd:00 9472                           /lib64/libz.so.1.2.3
326c815000-326c816000 rw-p 00015000 fd:00 9472                           /lib64/libz.so.1.2.3
326ca00000-326ca07000 r-xp 00000000 fd:00 2816                           /lib64/librt-2.12.so
326ca07000-326cc06000 ---p 00007000 fd:00 2816                           /lib64/librt-2.12.so
326cc06000-326cc07000 r--p 00006000 fd:00 2816                           /lib64/librt-2.12.so
326cc07000-326cc08000 rw-p 00007000 fd:00 2816                           /lib64/librt-2.12.so
326ea00000-326ea1d000 r-xp 00000000 fd:02 3788                           /usr/lib64/libxcb.so.1.1.0
326ea1d000-326ec1d000 ---p 0001d000 fd:02 3788                           /usr/lib64/libxcb.so.1.1.0
326ec1d000-326ec1e000 rw-p 0001d000 fd:02 3788                           /usr/lib64/libxcb.so.1.1.0
326ee00000-326ee02000 r-xp 00000000 fd:02 2589                           /usr/lib64/libXau.so.6.0.0
326ee02000-326f002000 ---p 00002000 fd:02 2589                           /usr/lib64/libXau.so.6.0.0
326f002000-326f003000 rw-p 00002000 fd:02 2589                           /usr/lib64/libXau.so.6.0.0
326f600000-326f737000 r-xp 00000000 fd:02 6048                           /usr/lib64/libX11.so.6.3.0
326f737000-326f937000 ---p 00137000 fd:02 6048                           /usr/lib64/libX11.so.6.3.0
326f937000-326f93d000 rw-p 00137000 fd:02 6048                           /usr/lib64/libX11.so.6.3.0
326fa00000-326fa12000 r-xp 00000000 fd:02 6066                           /usr/lib64/libXext.so.6.4.0
326fa12000-326fc12000 ---p 00012000 fd:02 6066                           /usr/lib64/libXext.so.6.4.0
326fc12000-326fc13000 rw-p 00012000 fd:02 6066                           /usr/lib64/libXext.so.6.4.0
3276200000-3276204000 r-xp 00000000 fd:00 3140                           /lib64/libuuid.so.1.3.0
3276204000-3276403000 ---p 00004000 fd:00 3140                           /lib64/libuuid.so.1.3.0
3276403000-3276404000 rw-p 00003000 fd:00 3140                           /lib64/libuuid.so.1.3.0
3276600000-327665f000 r-xp 00000000 fd:02 8184                           /usr/lib64/libXt.so.6.0.0
327665f000-327685e000 ---p 0005f000 fd:02 8184                           /usr/lib64/libXt.so.6.0.0
327685e000-3276864000 rw-p 0005e000 fd:02 8184                           /usr/lib64/libXt.so.6.0.0
3276864000-3276865000 rw-p 00000000 00:00 0 
3276a00000-3276a11000 r-xp 00000000 fd:02 8118                           /usr/lib64/libXpm.so.4.11.0
3276a11000-3276c10000 ---p 00011000 fd:02 8118                           /usr/lib64/libXpm.so.4.11.0
3276c10000-3276c11000 rw-p 00010000 fd:02 8118                           /usr/lib64/libXpm.so.4.11.0
3278200000-3278207000 r-xp 00000000 fd:02 4978                           /usr/lib64/libSM.so.6.0.1
3278207000-3278407000 ---p 00007000 fd:02 4978                           /usr/lib64/libSM.so.6.0.1
3278407000-3278408000 rw-p 00007000 fd:02 4978                           /usr/lib64/libSM.so.6.0.1
3278600000-3278617000 r-xp 00000000 fd:02 3989                           /usr/lib64/libICE.so.6.3.0
3278617000-3278817000 ---p 00017000 fd:02 3989                           /usr/lib64/libICE.so.6.3.0
3278817000-3278818000 rw-p 00017000 fd:02 3989                           /usr/lib64/libICE.so.6.3.0
3278818000-327881c000 rw-p 00000000 00:00 0 
327c200000-327c216000 r-xp 00000000 fd:00 1407                           /lib64/libnsl-2.12.so
327c216000-327c415000 ---p 00016000 fd:00 1407                           /lib64/libnsl-2.12.so
327c415000-327c416000 r--p 00015000 fd:00 1407                           /lib64/libnsl-2.12.so
327c416000-327c417000 rw-p 00016000 fd:00 1407                           /lib64/libnsl-2.12.so
327c417000-327c419000 rw-p 00000000 00:00 0 
327c600000-327c61d000 r-xp 00000000 fd:00 11094                          /lib64/libtinfo.so.5.7
327c61d000-327c81d000 ---p 0001d000 fd:00 11094                          /lib64/libtinfo.so.5.7
327c81d000-327c821000 rw-p 0001d000 fd:00 11094                          /lib64/libtinfo.so.5.7
327de00000-327de22000 r-xp 00000000 fd:00 11095                          /lib64/libncurses.so.5.7
327de22000-327e021000 ---p 00022000 fd:00 11095                          /lib64/libncurses.so.5.7
327e021000-327e022000 rw-p 00021000 fd:00 11095                          /lib64/libncurses.so.5.7
7f0bb8000000-7f0bb8021000 rw-p 00000000 00:00 0 
7f0bb8021000-7f0bbc000000 ---p 00000000 00:00 0 
7f0bc0000000-7f0bc0021000 rw-p 00000000 00:00 0 
7f0bc0021000-7f0bc4000000 ---p 00000000 00:00 0 
7f0bc4c00000-7f0bc60c0000 rwxp 00000000 00:00 0 
7f0bc60c0000-7f0bccc00000 rwxp 00000000 00:00 0 
7f0bccc00000-7f0bcfc00000 rwxp 00000000 00:00 0 
7f0bcfc00000-7f0bd5f00000 rwxp 00000000 00:00 0 
7f0bd5f00000-7f0bd6f00000 rwxp 00000000 00:00 0 
7f0bd6f00000-7f0bd9000000 rwxp 00000000 00:00 0 
7f0bd9000000-7f0bd9270000 rwxp 00000000 00:00 0 
7f0bd9270000-7f0bdc000000 rwxp 00000000 00:00 0 
7f0bdc000000-7f0bdc021000 rw-p 00000000 00:00 0 
7f0bdc021000-7f0be0000000 ---p 00000000 00:00 0 
7f0be0000000-7f0be0021000 rw-p 00000000 00:00 0 
7f0be0021000-7f0be4000000 ---p 00000000 00:00 0 
7f0be5fa1000-7f0be5fa2000 ---p 00000000 00:00 0 
7f0be5fa2000-7f0be60a2000 rwxp 00000000 00:00 0 
7f0be60a2000-7f0be60a3000 ---p 00000000 00:00 0 
7f0be60a3000-7f0be61a3000 rwxp 00000000 00:00 0 
7f0be61a3000-7f0be61a4000 ---p 00000000 00:00 0 
7f0be61a4000-7f0be62af000 rwxp 00000000 00:00 0 
7f0be62af000-7f0be62e4000 rwxp 00000000 00:00 0 
7f0be62e4000-7f0be6971000 r-xp 00000000 00:25 1769696                    /net/per900a/usr/local/matlab2009b/sys/java/jre/glnxa64/jre/lib/amd64/server/libjvm.so
7f0be6971000-7f0be6a70000 ---p 0068d000 00:25 1769696                    /net/per900a/usr/local/matlab2009b/sys/java/jre/glnxa64/jre/lib/amd64/server/libjvm.so
7f0be6a70000-7f0be6bc1000 rw-p 0068c000 00:25 1769696                    /net/per900a/usr/local/matlab2009b/sys/java/jre/glnxa64/jre/lib/amd64/server/libjvm.so
7f0be6bc1000-7f0be6bfe000 rw-p 00000000 00:00 0 
7f0be6bfe000-7f0be6bff000 ---p 00000000 00:00 0 
7f0be6bff000-7f0be75ff000 rwxp 00000000 00:00 0 
7f0be75ff000-7f0be7600000 ---p 00000000 00:00 0 
7f0be7600000-7f0be8000000 rwxp 00000000 00:00 0 
7f0be8000000-7f0be810b000 rw-p 00000000 00:00 0 
7f0be810b000-7f0bec000000 ---p 00000000 00:00 0 
7f0bec032000-7f0bec04a000 rwxp 00000000 00:00 0 
7f0bec04a000-7f0bec07c000 rwxp 00000000 00:00 0 
7f0bec07c000-7f0bec087000 rwxp 00000000 00:00 0 
7f0bec087000-7f0bec0bc000 rwxp 00000000 00:00 0 
7f0bec0bc000-7f0bec0d4000 rwxp 00000000 00:00 0 
7f0bec0d4000-7f0bec105000 rwxp 00000000 00:00 0 
7f0bec105000-7f0bec10e000 rwxp 00000000 00:00 0 
7f0bec10e000-7f0bec11e000 rwxp 00000000 00:00 0 
7f0bec11e000-7f0bec129000 rwxp 00000000 00:00 0 
7f0bec129000-7f0bec1df000 rwxp 00000000 00:00 0 
7f0bec1df000-7f0bec1ed000 r-xp 00000000 00:25 1769688                    /net/per900a/usr/local/matlab2009b/sys/java/jre/glnxa64/jre/lib/amd64/libzip.so
7f0bec1ed000-7f0bec2ef000 ---p 0000e000 00:25 1769688                    /net/per900a/usr/local/matlab2009b/sys/java/jre/glnxa64/jre/lib/amd64/libzip.so
7f0bec2ef000-7f0bec2f2000 rw-p 00010000 00:25 1769688                    /net/per900a/usr/local/matlab2009b/sys/java/jre/glnxa64/jre/lib/amd64/libzip.so
7f0bec2f2000-7f0bec2f3000 rw-p 00000000 00:00 0 
7f0bec2f3000-7f0bec2fa000 r-xp 00000000 00:25 1769692                    /net/per900a/usr/local/matlab2009b/sys/java/jre/glnxa64/jre/lib/amd64/native_threads/libhpi.so
7f0bec2fa000-7f0bec3fb000 ---p 00007000 00:25 1769692                    /net/per900a/usr/local/matlab2009b/sys/java/jre/glnxa64/jre/lib/amd64/native_threads/libhpi.so
7f0bec3fb000-7f0bec3fd000 rw-p 00008000 00:25 1769692                    /net/per900a/usr/local/matlab2009b/sys/java/jre/glnxa64/jre/lib/amd64/native_threads/libhpi.so
7f0bec3fd000-7f0bec3fe000 rw-p 00000000 00:00 0 
7f0bec3fe000-7f0bec40b000 r-xp 00000000 00:25 1769687                    /net/per900a/usr/local/matlab2009b/sys/java/jre/glnxa64/jre/lib/amd64/libverify.so
7f0bec40b000-7f0bec50a000 ---p 0000d000 00:25 1769687                    /net/per900a/usr/local/matlab2009b/sys/java/jre/glnxa64/jre/lib/amd64/libverify.so
7f0bec50a000-7f0bec50d000 rw-p 0000c000 00:25 1769687                    /net/per900a/usr/local/matlab2009b/sys/java/jre/glnxa64/jre/lib/amd64/libverify.so
7f0bec50d000-7f0bec536000 r-xp 00000000 00:25 1769667                    /net/per900a/usr/local/matlab2009b/sys/java/jre/glnxa64/jre/lib/amd64/libjava.so
7f0bec536000-7f0bec635000 ---p 00029000 00:25 1769667                    /net/per900a/usr/local/matlab2009b/sys/java/jre/glnxa64/jre/lib/amd64/libjava.so
7f0bec635000-7f0bec63c000 rw-p 00028000 00:25 1769667                    /net/per900a/usr/local/matlab2009b/sys/java/jre/glnxa64/jre/lib/amd64/libjava.so
7f0bec63c000-7f0bec63d000 ---p 00000000 00:00 0 
7f0bec63d000-7f0bed03d000 rwxp 00000000 00:00 0 
7f0bed03d000-7f0bed049000 r-xp 00000000 fd:00 3119                       /lib64/libnss_files-2.12.so
7f0bed049000-7f0bed249000 ---p 0000c000 fd:00 3119                       /lib64/libnss_files-2.12.so
7f0bed249000-7f0bed24a000 r--p 0000c000 fd:00 3119                       /lib64/libnss_files-2.12.so
7f0bed24a000-7f0bed24b000 rw-p 0000d000 fd:00 3119                       /lib64/libnss_files-2.12.so
7f0bed262000-7f0bed297000 r--s 00000000 fd:04 262478                     /var/db/nscd/hosts
7f0bed297000-7f0bed2cc000 r--s 00000000 fd:04 262476                     /var/db/nscd/passwd
7f0bed2cc000-7f0bed2cd000 ---p 00000000 00:00 0 
7f0bed2cd000-7f0bedccd000 rwxp 00000000 00:00 0 
7f0bedccd000-7f0bedcd0000 ---p 00000000 00:00 0 
7f0bedcd0000-7f0bee6ce000 rwxp 00000000 00:00 0 
7f0bee6ce000-7f0bee6d1000 r-xp 00000000 00:25 1704240                    /net/per900a/usr/local/matlab2009b/bin/glnxa64/mklcompat.so
7f0bee6d1000-7f0bee8d0000 ---p 00003000 00:25 1704240                    /net/per900a/usr/local/matlab2009b/bin/glnxa64/mklcompat.so
7f0bee8d0000-7f0bee8d1000 rw-p 00002000 00:25 1704240                    /net/per900a/usr/local/matlab2009b/bin/glnxa64/mklcompat.so
7f0bee8d1000-7f0bee93d000 r-xp 00000000 00:25 1704025                    /net/per900a/usr/local/matlab2009b/bin/glnxa64/libiomp5.so
7f0bee93d000-7f0beea3d000 ---p 0006c000 00:25 1704025                    /net/per900a/usr/local/matlab2009b/bin/glnxa64/libiomp5.so
7f0beea3d000-7f0beea42000 rw-p 0006c000 00:25 1704025                    /net/per900a/usr/local/matlab2009b/bin/glnxa64/libiomp5.so
7f0beea42000-7f0beea49000 rw-p 00000000 00:00 0 
7f0beea49000-7f0bef850000 r-xp 00000000 00:25 1704239                    /net/per900a/usr/local/matlab2009b/bin/glnxa64/mkl.so
7f0bef850000-7f0befa4f000 ---p 00e07000 00:25 1704239                    /net/per900a/usr/local/matlab2009b/bin/glnxa64/mkl.so
7f0befa4f000-7f0befa64000 rw-p 00e06000 00:25 1704239                    /net/per900a/usr/local/matlab2009b/bin/glnxa64/mkl.so
7f0befa64000-7f0befa7a000 rw-p 00000000 00:00 0 
7f0befa7a000-7f0bf590b000 r--p 00000000 fd:02 41182                      /usr/lib/locale/locale-archive
7f0bf590b000-7f0bf664f000 r--s 00000000 00:25 1703967                    /net/per900a/usr/local/matlab2009b/bin/glnxa64/icudt40l.dat
7f0bf664f000-7f0bf6657000 rw-p 00000000 00:00 0 
7f0bf6657000-7f0bf670f000 r-xp 00000000 00:25 1802755                    /net/per900a/usr/local/matlab2009b/sys/os/glnxa64/libgfortran.so.2.0.0
7f0bf670f000-7f0bf690f000 ---p 000b8000 00:25 1802755                    /net/per900a/usr/local/matlab2009b/sys/os/glnxa64/libgfortran.so.2.0.0
7f0bf690f000-7f0bf6911000 rw-p 000b8000 00:25 1802755                    /net/per900a/usr/local/matlab2009b/sys/os/glnxa64/libgfortran.so.2.0.0
7f0bf6911000-7f0bf6912000 rw-p 00000000 00:00 0 
7f0bf6912000-7f0bf691a000 r-xp 00000000 fd:02 3796                       /usr/lib64/libXp.so.6.2.0
7f0bf691a000-7f0bf6b1a000 ---p 00008000 fd:02 3796                       /usr/lib64/libXp.so.6.2.0
7f0bf6b1a000-7f0bf6b1b000 rw-p 00008000 fd:02 3796                       /usr/lib64/libXp.so.6.2.0
7f0bf6b1b000-7f0bf6b1c000 rw-p 00000000 00:00 0 
7f0bf6b1c000-7f0bf6b34000 r-xp 00000000 fd:02 19717                      /usr/lib64/libXmu.so.6.2.0
7f0bf6b34000-7f0bf6d34000 ---p 00018000 fd:02 19717                      /usr/lib64/libXmu.so.6.2.0
7f0bf6d34000-7f0bf6d36000 rw-p 00018000 fd:02 19717                      /usr/lib64/libXmu.so.6.2.0
7f0bf6d36000-7f0bf6d3e000 r-xp 00000000 00:25 1704039                    /net/per900a/usr/local/matlab2009b/bin/glnxa64/libmwbinder.so
7f0bf6d3e000-7f0bf6f3d000 ---p 00008000 00:25 1704039                    /net/per900a/usr/local/matlab2009b/bin/glnxa64/libmwbinder.so
7f0bf6f3d000-7f0bf6f3e000 rw-p 00007000 00:25 1704039                    /net/per900a/usr/local/matlab2009b/bin/glnxa64/libmwbinder.so
7f0bf6f3e000-7f0bf6f3f000 rw-p 00000000 00:00 0 
7f0bf6f3f000-7f0bf6f93000 r-xp 00000000 00:25 1704167                    /net/per900a/usr/local/matlab2009b/bin/glnxa64/libmwumfpack.so
7f0bf6f93000-7f0bf7192000 ---p 00054000 00:25 1704167                    /net/per900a/usr/local/matlab2009b/bin/glnxa64/libmwumfpack.so
7f0bf7192000-7f0bf7193000 rw-p 00053000 00:25 1704167                    /net/per900a/usr/local/matlab2009b/bin/glnxa64/libmwumfpack.so
7f0bf7193000-7f0bf71b4000 r-xp 00000000 00:25 1704150                    /net/per900a/usr/local/matlab2009b/bin/glnxa64/libmwspqr.so
7f0bf71b4000-7f0bf73b3000 ---p 00021000 00:25 1704150                    /net/per900a/usr/local/matlab2009b/bin/glnxa64/libmwspqr.so
7f0bf73b3000-7f0bf73b4000 rw-p 00020000 00:25 1704150                    /net/per900a/usr/local/matlab2009b/bin/glnxa64/libmwspqr.so
7f0bf73b4000-7f0bf73e6000 r-xp 00000000 00:25 1704145                    /net/per900a/usr/local/matlab2009b/bin/glnxa64/libmwrookfastbp.so
7f0bf73e6000-7f0bf75e5000 ---p 00032000 00:25 1704145                    /net/per900a/usr/local/matlab2009b/bin/glnxa64/libmwrookfastbp.so
7f0bf75e5000-7f0bf75e6000 rw-p 00031000 00:25 1704145                    /net/per900a/usr/local/matlab2009b/bin/glnxa64/libmwrookfastbp.so
7f0bf75e6000-7f0bf75e7000 rw-p 00000000 00:00 0 
7f0bf75e7000-7f0bf760e000 r-xp 00000000 00:25 1704104                    /net/per900a/usr/local/matlab2009b/bin/glnxa64/libmwma57.so
7f0bf760e000-7f0bf780d000 ---p 00027000 00:25 1704104                    /net/per900a/usr/local/matlab2009b/bin/glnxa64/libmwma57.so
7f0bf780d000-7f0bf780e000 rw-p 00026000 00:25 1704104                    /net/per900a/usr/local/matlab2009b/bin/glnxa64/libmwma57.so
7f0bf780e000-7f0bf7818000 r-xp 00000000 00:25 1704055                    /net/per900a/usr/local/matlab2009b/bin/glnxa64/libmwcsparse.so
7f0bf7818000-7f0bf7a18000 ---p 0000a000 00:25 1704055                    /net/per900a/usr/local/matlab2009b/bin/glnxa64/libmwcsparse.so
7f0bf7a18000-7f0bf7a19000 rw-p 0000a000 00:25 1704055                    /net/per900a/usr/local/matlab2009b/bin/glnxa64/libmwcsparse.so
7f0bf7a19000-7f0bf7a1a000 rw-p 00000000 00:00 0 
7f0bf7a1a000-7f0bf7a20000 r-xp 00000000 00:25 1704054                    /net/per900a/usr/local/matlab2009b/bin/glnxa64/libmwcolamd.so
7f0bf7a20000-7f0bf7c1f000 ---p 00006000 00:25 1704054                    /net/per900a/usr/local/matlab2009b/bin/glnxa64/libmwcolamd.so
7f0bf7c1f000-7f0bf7c20000 rw-p 00005000 00:25 1704054                    /net/per900a/usr/local/matlab2009b/bin/glnxa64/libmwcolamd.so
7f0bf7c20000-7f0bf7c61000 r-xp 00000000 00:25 1704051                    /net/per900a/usr/local/matlab2009b/bin/glnxa64/libmwcholmod.so
7f0bf7c61000-7f0bf7e60000 ---p 00041000 00:25 1704051                    /net/per900a/usr/local/matlab2009b/bin/glnxa64/libmwcholmod.so
7f0bf7e60000-7f0bf7e61000 rw-p 00040000 00:25 1704051                    /net/per900a/usr/local/matlab2009b/bin/glnxa64/libmwcholmod.so
7f0bf7e61000-7f0bf7e69000 r-xp 00000000 00:25 1704037                    /net/per900a/usr/local/matlab2009b/bin/glnxa64/libmwamd.so
7f0bf7e69000-7f0bf8068000 ---p 00008000 00:25 1704037                    /net/per900a/usr/local/matlab2009b/bin/glnxa64/libmwamd.so
7f0bf8068000-7f0bf8069000 rw-p 00007000 00:25 1704037                    /net/per900a/usr/local/matlab2009b/bin/glnxa64/libmwamd.so
7f0bf8069000-7f0bf806a000 rw-p 00000000 00:00 0 
7f0bf806a000-7f0bf807e000 r-xp 00000000 00:25 1704041                    /net/per900a/usr/local/matlab2009b/bin/glnxa64/libmwblas.so
7f0bf807e000-7f0bf827d000 ---p 00014000 00:25 1704041                    /net/per900a/usr/local/matlab2009b/bin/glnxa64/libmwblas.so
7f0bf827d000-7f0bf827f000 rw-p 00013000 00:25 1704041                    /net/per900a/usr/local/matlab2009b/bin/glnxa64/libmwblas.so
7f0bf827f000-7f0bf830c000 r-xp 00000000 00:25 1704106                    /net/per900a/usr/local/matlab2009b/bin/glnxa64/libmwmathcore.so
7f0bf830c000-7f0bf850b000 ---p 0008d000 00:25 1704106                    /net/per900a/usr/local/matlab2009b/bin/glnxa64/libmwmathcore.so
7f0bf850b000-7f0bf850f000 rw-p 0008c000 00:25 1704106                    /net/per900a/usr/local/matlab2009b/bin/glnxa64/libmwmathcore.so
7f0bf850f000-7f0bf8510000 rw-p 00000000 00:00 0 
7f0bf8510000-7f0bf8921000 r-xp 00000000 00:25 1704110                    /net/per900a/usr/local/matlab2009b/bin/glnxa64/libmwmathelem.so
7f0bf8921000-7f0bf8b21000 ---p 00411000 00:25 1704110                    /net/per900a/usr/local/matlab2009b/bin/glnxa64/libmwmathelem.so
7f0bf8b21000-7f0bf8b29000 rw-p 00411000 00:25 1704110                    /net/per900a/usr/local/matlab2009b/bin/glnxa64/libmwmathelem.so
7f0bf8b29000-7f0bf8b2b000 rw-p 00000000 00:00 0 
7f0bf8b2b000-7f0bf8dae000 r-xp 00000000 00:25 1704012                    /net/per900a/usr/local/matlab2009b/bin/glnxa64/libhdf5.so.5.0.1
7f0bf8dae000-7f0bf8fad000 ---p 00283000 00:25 1704012                    /net/per900a/usr/local/matlab2009b/bin/glnxa64/libhdf5.so.5.0.1
7f0bf8fad000-7f0bf8fb7000 rw-p 00282000 00:25 1704012                    /net/per900a/usr/local/matlab2009b/bin/glnxa64/libhdf5.so.5.0.1
7f0bf8fb7000-7f0bf8fb8000 rw-p 00000000 00:00 0 
7f0bf8fb8000-7f0bf8fd3000 r-xp 00000000 00:25 1704014                    /net/per900a/usr/local/matlab2009b/bin/glnxa64/libhdf5_hl.so.0.0.0
7f0bf8fd3000-7f0bf91d3000 ---p 0001b000 00:25 1704014                    /net/per900a/usr/local/matlab2009b/bin/glnxa64/libhdf5_hl.so.0.0.0
7f0bf91d3000-7f0bf91d4000 rw-p 0001b000 00:25 1704014                    /net/per900a/usr/local/matlab2009b/bin/glnxa64/libhdf5_hl.so.0.0.0
7f0bf91d4000-7f0bf91e8000 rw-p 00000000 00:00 0 
7f0bf91e8000-7f0bf945b000 r-xp 00000000 00:25 1802752                    /net/per900a/usr/local/matlab2009b/sys/os/glnxa64/libXm.so.3.0.2
7f0bf945b000-7f0bf965b000 ---p 00273000 00:25 1802752                    /net/per900a/usr/local/matlab2009b/sys/os/glnxa64/libXm.so.3.0.2
7f0bf965b000-7f0bf9685000 rw-p 00273000 00:25 1802752                    /net/per900a/usr/local/matlab2009b/sys/os/glnxa64/libXm.so.3.0.2
7f0bf9685000-7f0bf9686000 rw-p 00000000 00:00 0 
7f0bf9686000-7f0bf9724000 r-xp 00000000 00:25 1704086                    /net/per900a/usr/local/matlab2009b/bin/glnxa64/libmwlapack.so
7f0bf9724000-7f0bf9923000 ---p 0009e000 00:25 1704086                    /net/per900a/usr/local/matlab2009b/bin/glnxa64/libmwlapack.so
7f0bf9923000-7f0bf992c000 rw-p 0009d000 00:25 1704086                    /net/per900a/usr/local/matlab2009b/bin/glnxa64/libmwlapack.so
7f0bf992c000-7f0bf9960000 r-xp 00000000 00:25 1704076                    /net/per900a/usr/local/matlab2009b/bin/glnxa64/libmwhgutils.so
7f0bf9960000-7f0bf9b5f000 ---p 00034000 00:25 1704076                    /net/per900a/usr/local/matlab2009b/bin/glnxa64/libmwhgutils.so
7f0bf9b5f000-7f0bf9b62000 rw-p 00033000 00:25 1704076                    /net/per900a/usr/local/matlab2009b/bin/glnxa64/libmwhgutils.so
7f0bf9b62000-7f0bf9b63000 rw-p 00000000 00:00 0 
7f0bf9b63000-7f0bf9cd9000 r-xp 00000000 00:25 1704074                    /net/per900a/usr/local/matlab2009b/bin/glnxa64/libmwhgdatatypes.so
7f0bf9cd9000-7f0bf9ed8000 ---p 00176000 00:25 1704074                    /net/per900a/usr/local/matlab2009b/bin/glnxa64/libmwhgdatatypes.so
7f0bf9ed8000-7f0bf9eee000 rw-p 00175000 00:25 1704074                    /net/per900a/usr/local/matlab2009b/bin/glnxa64/libmwhgdatatypes.so
7f0bf9eee000-7f0bf9eef000 rw-p 00000000 00:00 0 
7f0bf9eef000-7f0bf9fc6000 r-xp 00000000 00:25 1704112                    /net/per900a/usr/local/matlab2009b/bin/glnxa64/libmwmathlinalg.so
7f0bf9fc6000-7f0bfa1c6000 ---p 000d7000 00:25 1704112                    /net/per900a/usr/local/matlab2009b/bin/glnxa64/libmwmathlinalg.so
7f0bfa1c6000-7f0bfa1c8000 rw-p 000d7000 00:25 1704112                    /net/per900a/usr/local/matlab2009b/bin/glnxa64/libmwmathlinalg.so
7f0bfa1c8000-7f0bfa1c9000 rw-p 00000000 00:00 0 
7f0bfa1c9000-7f0bfa1f6000 r-xp 00000000 00:25 1704068                    /net/per900a/usr/local/matlab2009b/bin/glnxa64/libmwhardcopy.so
7f0bfa1f6000-7f0bfa3f5000 ---p 0002d000 00:25 1704068                    /net/per900a/usr/local/matlab2009b/bin/glnxa64/libmwhardcopy.so
7f0bfa3f5000-7f0bfa3f7000 rw-p 0002c000 00:25 1704068                    /net/per900a/usr/local/matlab2009b/bin/glnxa64/libmwhardcopy.so
7f0bfa3f7000-7f0bfa3f9000 rw-p 00000000 00:00 0 
7f0bfa3f9000-7f0bfa408000 r-xp 00000000 00:25 1704082                    /net/per900a/usr/local/matlab2009b/bin/glnxa64/libmwir_xfmr.so
7f0bfa408000-7f0bfa608000 ---p 0000f000 00:25 1704082                    /net/per900a/usr/local/matlab2009b/bin/glnxa64/libmwir_xfmr.so
7f0bfa608000-7f0bfa609000 rw-p 0000f000 00:25 1704082                    /net/per900a/usr/local/matlab2009b/bin/glnxa64/libmwir_xfmr.so
7f0bfa609000-7f0bfa60a000 rw-p 00000000 00:00 0 
7f0bfa60a000-7f0bfa623000 r-xp 00000000 00:25 1704100                    /net/per900a/usr/local/matlab2009b/bin/glnxa64/libmwm_pcodegen.so
7f0bfa623000-7f0bfa822000 ---p 00019000 00:25 1704100                    /net/per900a/usr/local/matlab2009b/bin/glnxa64/libmwm_pcodegen.so
7f0bfa822000-7f0bfa824000 rw-p 00018000 00:25 1704100                    /net/per900a/usr/local/matlab2009b/bin/glnxa64/libmwm_pcodegen.so
7f0bfa824000-7f0bfa825000 rw-p 00000000 00:00 0 
7f0bfa825000-7f0bfa837000 r-xp 00000000 00:25 1704102                    /net/per900a/usr/local/matlab2009b/bin/glnxa64/libmwm_pcodeio.so
7f0bfa837000-7f0bfaa37000 ---p 00012000 00:25 1704102                    /net/per900a/usr/local/matlab2009b/bin/glnxa64/libmwm_pcodeio.so
7f0bfaa37000-7f0bfaa38000 rw-p 00012000 00:25 1704102                    /net/per900a/usr/local/matlab2009b/bin/glnxa64/libmwm_pcodeio.so
7f0bfaa38000-7f0bfaa43000 r-xp 00000000 00:25 1704126                    /net/per900a/usr/local/matlab2009b/bin/glnxa64/libmwmlib.so
7f0bfaa43000-7f0bfac42000 ---p 0000b000 00:25 1704126                    /net/per900a/usr/local/matlab2009b/bin/glnxa64/libmwmlib.so
7f0bfac42000-7f0bfac44000 rw-p 0000a000 00:25 1704126                    /net/per900a/usr/local/matlab2009b/bin/glnxa64/libmwmlib.so
7f0bfac44000-7f0bfac6b000 r-xp 00000000 00:25 1704114                    /net/per900a/usr/local/matlab2009b/bin/glnxa64/libmwmathrng.so
7f0bfac6b000-7f0bfae6a000 ---p 00027000 00:25 1704114                    /net/per900a/usr/local/matlab2009b/bin/glnxa64/libmwmathrng.so
7f0bfae6a000-7f0bfae6c000 rw-p 00026000 00:25 1704114                    /net/per900a/usr/local/matlab2009b/bin/glnxa64/libmwmathrng.so
7f0bfae6c000-7f0bfae6f000 rw-p 00000000 00:00 0 
7f0bfae6f000-7f0bfaeab000 r-xp 00000000 00:25 1704142                    /net/per900a/usr/local/matlab2009b/bin/glnxa64/libmwprofiler.so
7f0bfaeab000-7f0bfb0ab000 ---p 0003c000 00:25 1704142                    /net/per900a/usr/local/matlab2009b/bin/glnxa64/libmwprofiler.so
7f0bfb0ab000-7f0bfb0ae000 rw-p 0003c000 00:25 1704142                    /net/per900a/usr/local/matlab2009b/bin/glnxa64/libmwprofiler.so
7f0bfb0ae000-7f0bfb0d6000 r-xp 00000000 00:25 1704030                    /net/per900a/usr/local/matlab2009b/bin/glnxa64/libmat.so
7f0bfb0d6000-7f0bfb2d5000 ---p 00028000 00:25 1704030                    /net/per900a/usr/local/matlab2009b/bin/glnxa64/libmat.so
7f0bfb2d5000-7f0bfb2d7000 rw-p 00027000 00:25 1704030                    /net/per900a/usr/local/matlab2009b/bin/glnxa64/libmat.so
7f0bfb2d7000-7f0bfb69d000 r-xp 00000000 00:25 1704234                    /net/per900a/usr/local/matlab2009b/bin/glnxa64/libxerces-c.so.27.0
7f0bfb69d000-7f0bfb89c000 ---p 003c6000 00:25 1704234                    /net/per900a/usr/local/matlab2009b/bin/glnxa64/libxerces-c.so.27.0
7f0bfb89c000-7f0bfb8e0000 rw-p 003c5000 00:25 1704234                    /net/per900a/usr/local/matlab2009b/bin/glnxa64/libxerces-c.so.27.0
7f0bfb8e0000-7f0bfb8e2000 rw-p 00000000 00:00 0 
7f0bfb8e2000-7f0bfb9a5000 r-xp 00000000 00:25 1703978                    /net/per900a/usr/local/matlab2009b/bin/glnxa64/libboost_regex-gcc42-mt-1_36.so.1.36.0
7f0bfb9a5000-7f0bfbba4000 ---p 000c3000 00:25 1703978                    /net/per900a/usr/local/matlab2009b/bin/glnxa64/libboost_regex-gcc42-mt-1_36.so.1.36.0
7f0bfbba4000-7f0bfbba9000 rw-p 000c2000 00:25 1703978                    /net/per900a/usr/local/matlab2009b/bin/glnxa64/libboost_regex-gcc42-mt-1_36.so.1.36.0
7f0bfbba9000-7f0bfbbaa000 rw-p 00000000 00:00 0 
7f0bfbbaa000-7f0bfbc23000 r-xp 00000000 00:25 1704168                    /net/per900a/usr/local/matlab2009b/bin/glnxa64/libmwxmlcore.so
7f0bfbc23000-7f0bfbe23000 ---p 00079000 00:25 1704168                    /net/per900a/usr/local/matlab2009b/bin/glnxa64/libmwxmlcore.so
7f0bfbe23000-7f0bfbe2b000 rw-p 00079000 00:25 1704168                    /net/per900a/usr/local/matlab2009b/bin/glnxa64/libmwxmlcore.so
7f0bfbe2b000-7f0bfbe2d000 rw-p 00000000 00:00 0 
7f0bfbe2d000-7f0bfbf6d000 r-xp 00000000 00:25 1704165                    /net/per900a/usr/local/matlab2009b/bin/glnxa64/libmwuix.so
7f0bfbf6d000-7f0bfc16d000 ---p 00140000 00:25 1704165                    /net/per900a/usr/local/matlab2009b/bin/glnxa64/libmwuix.so
7f0bfc16d000-7f0bfc181000 rw-p 00140000 00:25 1704165                    /net/per900a/usr/local/matlab2009b/bin/glnxa64/libmwuix.so
7f0bfc181000-7f0bfc186000 rw-p 00000000 00:00 0 
7f0bfc186000-7f0bfc1cd000 r-xp 00000000 00:25 1704096                    /net/per900a/usr/local/matlab2009b/bin/glnxa64/libmwm_ir.so
7f0bfc1cd000-7f0bfc3cd000 ---p 00047000 00:25 1704096                    /net/per900a/usr/local/matlab2009b/bin/glnxa64/libmwm_ir.so
7f0bfc3cd000-7f0bfc3d5000 rw-p 00047000 00:25 1704096                    /net/per900a/usr/local/matlab2009b/bin/glnxa64/libmwm_ir.so
7f0bfc3d5000-7f0bfc3d6000 rw-p 00000000 00:00 0 
7f0bfc3d6000-7f0bfc3db000 r-xp 00000000 00:25 1704163                    /net/per900a/usr/local/matlab2009b/bin/glnxa64/libmwuinone.so
7f0bfc3db000-7f0bfc5db000 ---p 00005000 00:25 1704163                    /net/per900a/usr/local/matlab2009b/bin/glnxa64/libmwuinone.so
7f0bfc5db000-7f0bfc5dc000 rw-p 00005000 00:25 1704163                    /net/per900a/usr/local/matlab2009b/bin/glnxa64/libmwuinone.so
7f0bfc5dc000-7f0bfc670000 r-xp 00000000 00:25 1704161                    /net/per900a/usr/local/matlab2009b/bin/glnxa64/libmwudd_mi.so
7f0bfc670000-7f0bfc86f000 ---p 00094000 00:25 1704161                    /net/per900a/usr/local/matlab2009b/bin/glnxa64/libmwudd_mi.so
7f0bfc86f000-7f0bfc87a000 rw-p 00093000 00:25 1704161                    /net/per900a/usr/local/matlab2009b/bin/glnxa64/libmwudd_mi.so
7f0bfc87a000-7f0bfc87b000 rw-p 00000000 00:00 0 
7f0bfc87b000-7f0bfc8bb000 r-xp 00000000 00:25 1704229                    /net/per900a/usr/local/matlab2009b/bin/glnxa64/libuij.so
7f0bfc8bb000-7f0bfcabb000 ---p 00040000 00:25 1704229                    /net/per900a/usr/local/matlab2009b/bin/glnxa64/libuij.so
7f0bfcabb000-7f0bfcabd000 rw-p 00040000 00:25 1704229                    /net/per900a/usr/local/matlab2009b/bin/glnxa64/libuij.so
7f0bfcabd000-7f0bfcabf000 rw-p 00000000 00:00 0 
7f0bfcabf000-7f0bfd14d000 r-xp 00000000 00:25 1704070                    /net/per900a/usr/local/matlab2009b/bin/glnxa64/libmwhg.so
7f0bfd14d000-7f0bfd34c000 ---p 0068e000 00:25 1704070                    /net/per900a/usr/local/matlab2009b/bin/glnxa64/libmwhg.so
7f0bfd34c000-7f0bfd3d6000 rw-p 0068d000 00:25 1704070                    /net/per900a/usr/local/matlab2009b/bin/glnxa64/libmwhg.so
7f0bfd3d6000-7f0bfd3df000 rw-p 00000000 00:00 0 
7f0bfd3df000-7f0bfd4e6000 r-xp 00000000 00:25 1704064                    /net/per900a/usr/local/matlab2009b/bin/glnxa64/libmwgui.so
7f0bfd4e6000-7f0bfd6e5000 ---p 00107000 00:25 1704064                    /net/per900a/usr/local/matlab2009b/bin/glnxa64/libmwgui.so
7f0bfd6e5000-7f0bfd720000 rw-p 00106000 00:25 1704064                    /net/per900a/usr/local/matlab2009b/bin/glnxa64/libmwgui.so
7f0bfd720000-7f0bfd722000 rw-p 00000000 00:00 0 
7f0bfd722000-7f0bfd953000 r-xp 00000000 00:25 1704120                    /net/per900a/usr/local/matlab2009b/bin/glnxa64/libmwmcos.so
7f0bfd953000-7f0bfdb52000 ---p 00231000 00:25 1704120                    /net/per900a/usr/local/matlab2009b/bin/glnxa64/libmwmcos.so
7f0bfdb52000-7f0bfdb76000 rw-p 00230000 00:25 1704120                    /net/per900a/usr/local/matlab2009b/bin/glnxa64/libmwmcos.so
7f0bfdb76000-7f0bfdb77000 rw-p 00000000 00:00 0 
7f0bfdb77000-7f0bfdb7e000 r-xp 00000000 00:25 1704138                    /net/per900a/usr/local/matlab2009b/bin/glnxa64/libmwmtok.so
7f0bfdb7e000-7f0bfdd7d000 ---p 00007000 00:25 1704138                    /net/per900a/usr/local/matlab2009b/bin/glnxa64/libmwmtok.so
7f0bfdd7d000-7f0bfdd7e000 rw-p 00006000 00:25 1704138                    /net/per900a/usr/local/matlab2009b/bin/glnxa64/libmwmtok.so
7f0bfdd7e000-7f0bfddef000 r-xp 00000000 00:25 1704128                    /net/per900a/usr/local/matlab2009b/bin/glnxa64/libmwmlint.so
7f0bfddef000-7f0bfdfee000 ---p 00071000 00:25 1704128                    /net/per900a/usr/local/matlab2009b/bin/glnxa64/libmwmlint.so
7f0bfdfee000-7f0bfdff5000 rw-p 00070000 00:25 1704128                    /net/per900a/usr/local/matlab2009b/bin/glnxa64/libmwmlint.so
7f0bfdff5000-7f0bfdff6000 rw-p 00000000 00:00 0 
7f0bfdff6000-7f0bfe0c0000 r-xp 00000000 00:25 1704159                    /net/per900a/usr/local/matlab2009b/bin/glnxa64/libmwudd.so
7f0bfe0c0000-7f0bfe2bf000 ---p 000ca000 00:25 1704159                    /net/per900a/usr/local/matlab2009b/bin/glnxa64/libmwudd.so
7f0bfe2bf000-7f0bfe2d5000 rw-p 000c9000 00:25 1704159                    /net/per900a/usr/local/matlab2009b/bin/glnxa64/libmwudd.so
7f0bfe2d5000-7f0bfe2d8000 rw-p 00000000 00:00 0 
7f0bfe2d8000-7f0bfe513000 r-xp 00000000 00:25 1704098                    /net/per900a/usr/local/matlab2009b/bin/glnxa64/libmwm_parser.so
7f0bfe513000-7f0bfe713000 ---p 0023b000 00:25 1704098                    /net/per900a/usr/local/matlab2009b/bin/glnxa64/libmwm_parser.so
7f0bfe713000-7f0bfeb71000 rw-p 0023b000 00:25 1704098                    /net/per900a/usr/local/matlab2009b/bin/glnxa64/libmwm_parser.so
7f0bfeb71000-7f0bfeb73000 rw-p 00000000 00:00 0 
7f0bfeb73000-7f0bfeb81000 r-xp 00000000 00:25 1704032                    /net/per900a/usr/local/matlab2009b/bin/glnxa64/libmex.so
7f0bfeb81000-7f0bfed81000 ---p 0000e000 00:25 1704032                    /net/per900a/usr/local/matlab2009b/bin/glnxa64/libmex.so
7f0bfed81000-7f0bfed82000 rw-p 0000e000 00:25 1704032                    /net/per900a/usr/local/matlab2009b/bin/glnxa64/libmex.so
7f0bfed82000-7f0bfede5000 r-xp 00000000 00:25 1704078                    /net/per900a/usr/local/matlab2009b/bin/glnxa64/libmwiqm.so
7f0bfede5000-7f0bfefe4000 ---p 00063000 00:25 1704078                    /net/per900a/usr/local/matlab2009b/bin/glnxa64/libmwiqm.so
7f0bfefe4000-7f0bfefe9000 rw-p 00062000 00:25 1704078                    /net/per900a/usr/local/matlab2009b/bin/glnxa64/libmwiqm.so
7f0bfefe9000-7f0bfefea000 rw-p 00000000 00:00 0 
7f0bfefea000-7f0bff013000 r-xp 00000000 00:25 1704225                    /net/per900a/usr/local/matlab2009b/bin/glnxa64/libtbb.so.2
7f0bff013000-7f0bff112000 ---p 00029000 00:25 1704225                    /net/per900a/usr/local/matlab2009b/bin/glnxa64/libtbb.so.2
7f0bff112000-7f0bff115000 rw-p 00028000 00:25 1704225                    /net/per900a/usr/local/matlab2009b/bin/glnxa64/libtbb.so.2
7f0bff115000-7f0bff17c000 r-xp 00000000 00:25 1704118                    /net/per900a/usr/local/matlab2009b/bin/glnxa64/libmwmathutil.so
7f0bff17c000-7f0bff37c000 ---p 00067000 00:25 1704118                    /net/per900a/usr/local/matlab2009b/bin/glnxa64/libmwmathutil.so
7f0bff37c000-7f0bff37d000 rw-p 00067000 00:25 1704118                    /net/per900a/usr/local/matlab2009b/bin/glnxa64/libmwmathutil.so
7f0bff37d000-7f0bff37e000 rw-p 00000000 00:00 0 
7f0bff37e000-7f0bff395000 r-xp 00000000 00:25 1703973                    /net/per900a/usr/local/matlab2009b/bin/glnxa64/libboost_filesystem-gcc42-mt-1_36.so.1.36.0
7f0bff395000-7f0bff594000 ---p 00017000 00:25 1703973                    /net/per900a/usr/local/matlab2009b/bin/glnxa64/libboost_filesystem-gcc42-mt-1_36.so.1.36.0
7f0bff594000-7f0bff596000 rw-p 00016000 00:25 1703973                    /net/per900a/usr/local/matlab2009b/bin/glnxa64/libboost_filesystem-gcc42-mt-1_36.so.1.36.0
7f0bff596000-7f0bff5c8000 r-xp 00000000 00:25 1704130                    /net/per900a/usr/local/matlab2009b/bin/glnxa64/libmwmlutil.so
7f0bff5c8000-7f0bff7c8000 ---p 00032000 00:25 1704130                    /net/per900a/usr/local/matlab2009b/bin/glnxa64/libmwmlutil.so
7f0bff7c8000-7f0bff7ca000 rw-p 00032000 00:25 1704130                    /net/per900a/usr/local/matlab2009b/bin/glnxa64/libmwmlutil.so
7f0bff7ca000-7f0bff7cb000 rw-p 00000000 00:00 0 
7f0bff7cb000-7f0bff7ce000 r-xp 00000000 00:25 1703981                    /net/per900a/usr/local/matlab2009b/bin/glnxa64/libboost_system-gcc42-mt-1_36.so.1.36.0
7f0bff7ce000-7f0bff9cd000 ---p 00003000 00:25 1703981                    /net/per900a/usr/local/matlab2009b/bin/glnxa64/libboost_system-gcc42-mt-1_36.so.1.36.0
7f0bff9cd000-7f0bff9ce000 rw-p 00002000 00:25 1703981                    /net/per900a/usr/local/matlab2009b/bin/glnxa64/libboost_system-gcc42-mt-1_36.so.1.36.0
7f0bff9ce000-7f0bff9cf000 rw-p 00000000 00:00 0 
7f0bff9cf000-7f0bff9e4000 r-xp 00000000 00:25 1703980                    /net/per900a/usr/local/matlab2009b/bin/glnxa64/libboost_signals-gcc42-mt-1_36.so.1.36.0
7f0bff9e4000-7f0bffbe3000 ---p 00015000 00:25 1703980                    /net/per900a/usr/local/matlab2009b/bin/glnxa64/libboost_signals-gcc42-mt-1_36.so.1.36.0
7f0bffbe3000-7f0bffbe4000 rw-p 00014000 00:25 1703980                    /net/per900a/usr/local/matlab2009b/bin/glnxa64/libboost_signals-gcc42-mt-1_36.so.1.36.0
7f0bffbe4000-7f0bffbf4000 r-xp 00000000 00:25 1703982                    /net/per900a/usr/local/matlab2009b/bin/glnxa64/libboost_thread-gcc42-mt-1_36.so.1.36.0
7f0bffbf4000-7f0bffdf3000 ---p 00010000 00:25 1703982                    /net/per900a/usr/local/matlab2009b/bin/glnxa64/libboost_thread-gcc42-mt-1_36.so.1.36.0
7f0bffdf3000-7f0bffdf5000 rw-p 0000f000 00:25 1703982                    /net/per900a/usr/local/matlab2009b/bin/glnxa64/libboost_thread-gcc42-mt-1_36.so.1.36.0
7f0bffdf5000-7f0bffdf6000 rw-p 00000000 00:00 0 
7f0bffdf6000-7f0bffe01000 r-xp 00000000 00:25 1704020                    /net/per900a/usr/local/matlab2009b/bin/glnxa64/libicuio.so.40.0
7f0bffe01000-7f0c00000000 ---p 0000b000 00:25 1704020                    /net/per900a/usr/local/matlab2009b/bin/glnxa64/libicuio.so.40.0
7f0c00000000-7f0c00002000 rw-p 0000a000 00:25 1704020                    /net/per900a/usr/local/matlab2009b/bin/glnxa64/libicuio.so.40.0
7f0c00002000-7f0c0017a000 r-xp 00000000 00:25 1704018                    /net/per900a/usr/local/matlab2009b/bin/glnxa64/libicui18n.so.40.0
7f0c0017a000-7f0c00379000 ---p 00178000 00:25 1704018                    /net/per900a/usr/local/matlab2009b/bin/glnxa64/libicui18n.so.40.0
7f0c00379000-7f0c00386000 rw-p 00177000 00:25 1704018                    /net/per900a/usr/local/matlab2009b/bin/glnxa64/libicui18n.so.40.0
7f0c00386000-7f0c00387000 rw-p 00000000 00:00 0 
7f0c00387000-7f0c004bb000 r-xp 00000000 00:25 1704022                    /net/per900a/usr/local/matlab2009b/bin/glnxa64/libicuuc.so.40.0
7f0c004bb000-7f0c006bb000 ---p 00134000 00:25 1704022                    /net/per900a/usr/local/matlab2009b/bin/glnxa64/libicuuc.so.40.0
7f0c006bb000-7f0c006cb000 rw-p 00134000 00:25 1704022                    /net/per900a/usr/local/matlab2009b/bin/glnxa64/libicuuc.so.40.0
7f0c006cb000-7f0c006cd000 rw-p 00000000 00:00 0 
7f0c006cd000-7f0c006ce000 r-xp 00000000 00:25 1704016                    /net/per900a/usr/local/matlab2009b/bin/glnxa64/libicudata.so.40.0
7f0c006ce000-7f0c008cd000 ---p 00001000 00:25 1704016                    /net/per900a/usr/local/matlab2009b/bin/glnxa64/libicudata.so.40.0
7f0c008cd000-7f0c008ce000 rw-p 00000000 00:25 1704016                    /net/per900a/usr/local/matlab2009b/bin/glnxa64/libicudata.so.40.0
7f0c008ce000-7f0c008ef000 r-xp 00000000 00:25 1703993                    /net/per900a/usr/local/matlab2009b/bin/glnxa64/libexpat.so.1.5.0
7f0c008ef000-7f0c00aee000 ---p 00021000 00:25 1703993                    /net/per900a/usr/local/matlab2009b/bin/glnxa64/libexpat.so.1.5.0
7f0c00aee000-7f0c00af1000 rw-p 00020000 00:25 1703993                    /net/per900a/usr/local/matlab2009b/bin/glnxa64/libexpat.so.1.5.0
7f0c00af1000-7f0c00af3000 rw-p 00000000 00:00 0 
7f0c00af3000-7f0c00b00000 r-xp 00000000 00:25 1802753                    /net/per900a/usr/local/matlab2009b/sys/os/glnxa64/libgcc_s.so.1
7f0c00b00000-7f0c00cff000 ---p 0000d000 00:25 1802753                    /net/per900a/usr/local/matlab2009b/sys/os/glnxa64/libgcc_s.so.1
7f0c00cff000-7f0c00d00000 rw-p 0000c000 00:25 1802753                    /net/per900a/usr/local/matlab2009b/sys/os/glnxa64/libgcc_s.so.1
7f0c00d00000-7f0c00d01000 rw-p 00000000 00:00 0 
7f0c00d07000-7f0c00d0f000 rw-s 00000000 fd:03 1337                       /tmp/hsperfdata_plsang/11659
7f0c00d0f000-7f0c00d10000 rw-p 00000000 00:00 0 
7f0c00d10000-7f0c00d11000 r--p 00000000 00:00 0 
7f0c00d11000-7f0c00d18000 r--s 00000000 fd:02 18561                      /usr/lib64/gconv/gconv-modules.cache
7f0c00d18000-7f0c00dff000 r-xp 00000000 00:25 1802766                    /net/per900a/usr/local/matlab2009b/sys/os/glnxa64/libstdc++.so.6.0.9
7f0c00dff000-7f0c00ffe000 ---p 000e7000 00:25 1802766                    /net/per900a/usr/local/matlab2009b/sys/os/glnxa64/libstdc++.so.6.0.9
7f0c00ffe000-7f0c01005000 r--p 000e6000 00:25 1802766                    /net/per900a/usr/local/matlab2009b/sys/os/glnxa64/libstdc++.so.6.0.9
7f0c01005000-7f0c01007000 rw-p 000ed000 00:25 1802766                    /net/per900a/usr/local/matlab2009b/sys/os/glnxa64/libstdc++.so.6.0.9
7f0c01007000-7f0c0101a000 rw-p 00000000 00:00 0 
7f0c0101a000-7f0c01504000 r-xp 00000000 00:25 1704094                    /net/per900a/usr/local/matlab2009b/bin/glnxa64/libmwm_interpreter.so
7f0c01504000-7f0c01703000 ---p 004ea000 00:25 1704094                    /net/per900a/usr/local/matlab2009b/bin/glnxa64/libmwm_interpreter.so
7f0c01703000-7f0c017d9000 rw-p 004e9000 00:25 1704094                    /net/per900a/usr/local/matlab2009b/bin/glnxa64/libmwm_interpreter.so
7f0c017d9000-7f0c01879000 rw-p 00000000 00:00 0 
7f0c01879000-7f0c018f1000 r-xp 00000000 00:25 1704092                    /net/per900a/usr/local/matlab2009b/bin/glnxa64/libmwm_dispatcher.so
7f0c018f1000-7f0c01af1000 ---p 00078000 00:25 1704092                    /net/per900a/usr/local/matlab2009b/bin/glnxa64/libmwm_dispatcher.so
7f0c01af1000-7f0c01af6000 rw-p 00078000 00:25 1704092                    /net/per900a/usr/local/matlab2009b/bin/glnxa64/libmwm_dispatcher.so
7f0c01af6000-7f0c01af7000 rw-p 00000000 00:00 0 
7f0c01af7000-7f0c01b5c000 r-xp 00000000 00:25 1704124                    /net/per900a/usr/local/matlab2009b/bin/glnxa64/libmwmcr.so
7f0c01b5c000-7f0c01d5c000 ---p 00065000 00:25 1704124                    /net/per900a/usr/local/matlab2009b/bin/glnxa64/libmwmcr.so
7f0c01d5c000-7f0c01d60000 rw-p 00065000 00:25 1704124                    /net/per900a/usr/local/matlab2009b/bin/glnxa64/libmwmcr.so
7f0c01d60000-7f0c01d66000 rw-p 00000000 00:00 0 
7f0c01d66000-7f0c01d87000 r-xp 00000000 00:25 1704045                    /net/per900a/usr/local/matlab2009b/bin/glnxa64/libmwbridge.so
7f0c01d87000-7f0c01f87000 ---p 00021000 00:25 1704045                    /net/per900a/usr/local/matlab2009b/bin/glnxa64/libmwbridge.so
7f0c01f87000-7f0c01f8a000 rw-p 00021000 00:25 1704045                    /net/per900a/usr/local/matlab2009b/bin/glnxa64/libmwbridge.so
7f0c01f8a000-7f0c01f91000 rw-p 00000000 00:00 0 
7f0c01f91000-7f0c01fdf000 r-xp 00000000 00:25 1704084                    /net/per900a/usr/local/matlab2009b/bin/glnxa64/libmwjmi.so
7f0c01fdf000-7f0c021df000 ---p 0004e000 00:25 1704084                    /net/per900a/usr/local/matlab2009b/bin/glnxa64/libmwjmi.so
7f0c021df000-7f0c021e3000 rw-p 0004e000 00:25 1704084                    /net/per900a/usr/local/matlab2009b/bin/glnxa64/libmwjmi.so
7f0c021e3000-7f0c021e4000 rw-p 00000000 00:00 0 
7f0c021e4000-7f0c0236e000 r-xp 00000000 00:25 1704146                    /net/per900a/usr/local/matlab2009b/bin/glnxa64/libmwservices.so
7f0c0236e000-7f0c0256d000 ---p 0018a000 00:25 1704146                    /net/per900a/usr/local/matlab2009b/bin/glnxa64/libmwservices.so
7f0c0256d000-7f0c0257b000 rw-p 00189000 00:25 1704146                    /net/per900a/usr/local/matlab2009b/bin/glnxa64/libmwservices.so
7f0c0257b000-7f0c0258b000 rw-p 00000000 00:00 0 
7f0c0258b000-7f0c025c3000 r-xp 00000000 00:25 1704136                    /net/per900a/usr/local/matlab2009b/bin/glnxa64/libmwmpath.so
7f0c025c3000-7f0c027c2000 ---p 00038000 00:25 1704136                    /net/per900a/usr/local/matlab2009b/bin/glnxa64/libmwmpath.so
7f0c027c2000-7f0c027c6000 rw-p 00037000 00:25 1704136                    /net/per900a/usr/local/matlab2009b/bin/glnxa64/libmwmpath.so
7f0c027c6000-7f0c027c9000 rw-p 00000000 00:00 0 
7f0c027c9000-7f0c0285b000 r-xp 00000000 00:25 1704172                    /net/per900a/usr/local/matlab2009b/bin/glnxa64/libmx.so
7f0c0285b000-7f0c02a5b000 ---p 00092000 00:25 1704172                    /net/per900a/usr/local/matlab2009b/bin/glnxa64/libmx.so
7f0c02a5b000-7f0c02a5e000 rw-p 00092000 00:25 1704172                    /net/per900a/usr/local/matlab2009b/bin/glnxa64/libmx.so
7f0c02a5e000-7f0c02a9b000 r-xp 00000000 00:25 1704060                    /net/per900a/usr/local/matlab2009b/bin/glnxa64/libmwfl.so
7f0c02a9b000-7f0c02c9b000 ---p 0003d000 00:25 1704060                    /net/per900a/usr/local/matlab2009b/bin/glnxa64/libmwfl.so
7f0c02c9b000-7f0c02ca0000 rw-p 0003d000 00:25 1704060                    /net/per900a/usr/local/matlab2009b/bin/glnxa64/libmwfl.so
7f0c02ca0000-7f0c02d66000 r-xp 00000000 00:25 1704231                    /net/per900a/usr/local/matlab2009b/bin/glnxa64/libut.so
7f0c02d66000-7f0c02f65000 ---p 000c6000 00:25 1704231                    /net/per900a/usr/local/matlab2009b/bin/glnxa64/libut.so
7f0c02f65000-7f0c02f6f000 rw-p 000c5000 00:25 1704231                    /net/per900a/usr/local/matlab2009b/bin/glnxa64/libut.so
7f0c02f6f000-7f0c02f86000 rw-p 00000000 00:00 0 
7fffea7e6000-7fffea7fb000 rwxp 00000000 00:00 0                          [stack]
7fffea7fb000-7fffea7fc000 rw-p 00000000 00:00 0 
7fffea7ff000-7fffea800000 r-xp 00000000 00:00 0                          [vdso]
ffffffffff600000-ffffffffff601000 r-xp 00000000 00:00 0                  [vsyscall]

VM Arguments:
jvm_args: -Xms64m -XX:NewRatio=3 -XX:MaxPermSize=128m -Xmx196m -XX:MaxDirectMemorySize=2147400000 -Djava.util.prefs.PreferencesFactory=com.mathworks.util.DisabledPreferencesFactory -XX:+AllowUserSignalHandlers -Xrs -Djava.library.path=/net/per900a/usr/local/matlab2009b/bin/glnxa64 vfprintf abort -Djava.awt.headless=true -Xrs -Dfile.encoding=UTF-8 
java_command: <unknown>
Launcher Type: generic

Environment Variables:
PATH=/net/per900a/raid0/plsang/software/gcc-4.8.1/release/bin:/net/per900a/raid0/plsang/software/ffmpeg-2.0/release-shared/bin:/net/per900a/raid0/plsang/usr.local/bin:/net/per900a/raid0/plsang/software/openmpi-1.6.5/release-shared/bin:/net/per900a/raid0/plsang/software/screen/release/bin:/usr/lib64/qt-3.3/bin:/usr/local/bin:/bin:/usr/bin:/usr/local/sbin:/usr/sbin:/sbin:/opt/dell/srvadmin/bin
LD_LIBRARY_PATH=/net/per900a/usr/local/matlab2009b/sys/os/glnxa64:/net/per900a/usr/local/matlab2009b/bin/glnxa64:/net/per900a/usr/local/matlab2009b/extern/lib/glnxa64:/net/per900a/usr/local/matlab2009b/sys/java/jre/glnxa64/jre/lib/amd64/native_threads:/net/per900a/usr/local/matlab2009b/sys/java/jre/glnxa64/jre/lib/amd64/server:/net/per900a/usr/local/matlab2009b/sys/java/jre/glnxa64/jre/lib/amd64:/net/per900a/usr/local/matlab2009b/sys/os/glnxa64:/net/per900a/usr/local/matlab2009b/bin/glnxa64:/net/per900a/usr/local/matlab2009b/extern/lib/glnxa64:/net/per900a/usr/local/matlab2009b/sys/java/jre/glnxa64/jre/lib/amd64/native_threads:/net/per900a/usr/local/matlab2009b/sys/java/jre/glnxa64/jre/lib/amd64/server:/net/per900a/usr/local/matlab2009b/sys/java/jre/glnxa64/jre/lib/amd64:/net/per900a/raid0/plsang/usr.local/lib64:/net/per900a/raid0/plsang/software/ffmpeg-2.0/release-shared/lib:/net/per900a/raid0/plsang/software/gcc-4.8.1/release/lib:/net/per900a/raid0/plsang/software/boost_1_54_0/release/lib:/net/per900a/raid0/plsang/software/opencv-2.4.6.1/release/lib:/net/per900a/raid0/plsang/usr.local/lib:/net/per900a/raid0/plsang/software/openmpi-1.6.5/release-shared/lib:/usr/local/lib
SHELL=/bin/bash
DISPLAY=localhost:12.0
ARCH=glnxa64

Signal Handlers:
SIGSEGV: [libjvm.so+0x5fcd20], sa_mask[0]=0x7ffbfeff, sa_flags=0x10000004
SIGBUS: [libjvm.so+0x5fcd20], sa_mask[0]=0x7ffbfeff, sa_flags=0x10000004
SIGFPE: [libjvm.so+0x4e0eb0], sa_mask[0]=0x7ffbfeff, sa_flags=0x10000004
SIGPIPE: [libjvm.so+0x4e0eb0], sa_mask[0]=0x7ffbfeff, sa_flags=0x10000004
SIGXFSZ: [libjvm.so+0x4e0eb0], sa_mask[0]=0x7ffbfeff, sa_flags=0x10000004
SIGILL: [libjvm.so+0x4e0eb0], sa_mask[0]=0x7ffbfeff, sa_flags=0x10000004
SIGUSR1: SIG_DFL, sa_mask[0]=0x00000000, sa_flags=0x00000000
SIGUSR2: [libjvm.so+0x4e35d0], sa_mask[0]=0x08080002, sa_flags=0x10000004
SIGHUP: SIG_DFL, sa_mask[0]=0x00000000, sa_flags=0x00000000
SIGINT: SIG_DFL, sa_mask[0]=0x00000000, sa_flags=0x00000000
SIGTERM: SIG_DFL, sa_mask[0]=0x00000000, sa_flags=0x00000000
SIGQUIT: [libmwmcr.so+0x52340], sa_mask[0]=0x08080002, sa_flags=0x00000004


---------------  S Y S T E M  ---------------

OS:Red Hat Enterprise Linux Server release 6.5 (Santiago)

uname:Linux 2.6.32-431.17.1.el6.x86_64 #1 SMP Fri Apr 11 17:27:00 EDT 2014 x86_64
libc:glibc 2.12 NPTL 2.12 
rlimit: STACK 10240k, CORE 0k, NPROC 1024, NOFILE 4096, AS infinity
load average:0.40 1.57 2.78

CPU:total 32 (32 cores per cpu, 2 threads per core) family 6 model 15 stepping 2, cmov, cx8, fxsr, mmx, sse, sse2, sse3, ssse3, ht

Memory: 4k page, physical 132147808k(36137216k free), swap 4194296k(4194296k free)

vm_info: Java HotSpot(TM) 64-Bit Server VM (11.2-b01) for linux-amd64 JRE (1.6.0_12-b04), built on Jan 17 2009 01:04:06 by "java_re" with gcc 3.2.2 (SuSE Linux)

time: Fri Dec  5 01:33:19 2014
elapsed time: 0 seconds

