#
# An unexpected error has been detected by Java Runtime Environment:
#
# java.lang.OutOfMemoryError: Cannot create GC thread. Out of system resources.
#
#  Internal Error (gcTaskThread.cpp:41), pid=11406, tid=140731625477888
#  Error: Cannot create GC thread. Out of system resources.
#
# Java VM: Java HotSpot(TM) 64-Bit Server VM (11.2-b01 mixed mode linux-amd64)
# If you would like to submit a bug report, please visit:
#   http://java.sun.com/webapps/bugreport/crash.jsp
#

---------------  T H R E A D  ---------------

Current thread (0x00007ffe9c038000):  JavaThread "Unknown thread" [_thread_in_vm, id=11545, stack(0x00007ffea1eb9000,0x00007ffea28ba000)]

Stack: [0x00007ffea1eb9000,0x00007ffea28ba000],  sp=0x00007ffea28b7e90,  free space=10235k
Native frames: (J=compiled Java code, j=interpreted, Vv=VM code, C=native code)
V  [libjvm.so+0x5fc16f]
V  [libjvm.so+0x26e1c8]
V  [libjvm.so+0x2c0cad]
V  [libjvm.so+0x2bf7ee]
V  [libjvm.so+0x2bf583]
V  [libjvm.so+0x4f2d07]
V  [libjvm.so+0x5d7dec]
V  [libjvm.so+0x5d7a9a]
V  [libjvm.so+0x2f48d5]
V  [libjvm.so+0x5c1b47]
V  [libjvm.so+0x349910]
C  [libmwjmi.so+0x2df9d]  _Z9InitSunVMv+0x75d
C  [libmwjmi.so+0x2e64b]
C  [libmwjmi.so+0x1a695]  _Z7mljInitv+0x15
C  [libmwmcr.so+0x2c15e]
C  [libmwmcr.so+0x1e374]
C  [libmwmcr.so+0x1e5df]
C  [MATLAB+0x405c]
C  [MATLAB+0x2c73]
C  [libmwmcr.so+0x4ceec]


---------------  P R O C E S S  ---------------

Java Threads: ( => current thread )

Other Threads:

=>0x00007ffe9c038000 (exited) JavaThread "Unknown thread" [_thread_in_vm, id=11545, stack(0x00007ffea1eb9000,0x00007ffea28ba000)]

VM state:not at safepoint (not fully initialized)

VM Mutex/Monitor currently owned by a thread: None

Dynamic libraries:
00400000-00406000 r-xp 00000000 00:25 1703955                            /net/per900a/usr/local/matlab2009b/bin/glnxa64/MATLAB
00606000-00607000 rw-p 00006000 00:25 1703955                            /net/per900a/usr/local/matlab2009b/bin/glnxa64/MATLAB
01f18000-02000000 rw-p 00000000 00:00 0                                  [heap]
326b200000-326b220000 r-xp 00000000 fd:00 1720                           /lib64/ld-2.12.so
326b41f000-326b420000 r--p 0001f000 fd:00 1720                           /lib64/ld-2.12.so
326b420000-326b421000 rw-p 00020000 fd:00 1720                           /lib64/ld-2.12.so
326b421000-326b422000 rw-p 00000000 00:00 0 
326b600000-326b78b000 r-xp 00000000 fd:00 2676                           /lib64/libc-2.12.so
326b78b000-326b98a000 ---p 0018b000 fd:00 2676                           /lib64/libc-2.12.so
326b98a000-326b98e000 r--p 0018a000 fd:00 2676                           /lib64/libc-2.12.so
326b98e000-326b98f000 rw-p 0018e000 fd:00 2676                           /lib64/libc-2.12.so
326b98f000-326b994000 rw-p 00000000 00:00 0 
326ba00000-326ba83000 r-xp 00000000 fd:00 225                            /lib64/libm-2.12.so
326ba83000-326bc82000 ---p 00083000 fd:00 225                            /lib64/libm-2.12.so
326bc82000-326bc83000 r--p 00082000 fd:00 225                            /lib64/libm-2.12.so
326bc83000-326bc84000 rw-p 00083000 fd:00 225                            /lib64/libm-2.12.so
326be00000-326be02000 r-xp 00000000 fd:00 231                            /lib64/libdl-2.12.so
326be02000-326c002000 ---p 00002000 fd:00 231                            /lib64/libdl-2.12.so
326c002000-326c003000 r--p 00002000 fd:00 231                            /lib64/libdl-2.12.so
326c003000-326c004000 rw-p 00003000 fd:00 231                            /lib64/libdl-2.12.so
326c200000-326c217000 r-xp 00000000 fd:00 2815                           /lib64/libpthread-2.12.so
326c217000-326c417000 ---p 00017000 fd:00 2815                           /lib64/libpthread-2.12.so
326c417000-326c418000 r--p 00017000 fd:00 2815                           /lib64/libpthread-2.12.so
326c418000-326c419000 rw-p 00018000 fd:00 2815                           /lib64/libpthread-2.12.so
326c419000-326c41d000 rw-p 00000000 00:00 0 
326c600000-326c615000 r-xp 00000000 fd:00 9472                           /lib64/libz.so.1.2.3
326c615000-326c814000 ---p 00015000 fd:00 9472                           /lib64/libz.so.1.2.3
326c814000-326c815000 r--p 00014000 fd:00 9472                           /lib64/libz.so.1.2.3
326c815000-326c816000 rw-p 00015000 fd:00 9472                           /lib64/libz.so.1.2.3
326ca00000-326ca07000 r-xp 00000000 fd:00 2816                           /lib64/librt-2.12.so
326ca07000-326cc06000 ---p 00007000 fd:00 2816                           /lib64/librt-2.12.so
326cc06000-326cc07000 r--p 00006000 fd:00 2816                           /lib64/librt-2.12.so
326cc07000-326cc08000 rw-p 00007000 fd:00 2816                           /lib64/librt-2.12.so
326ea00000-326ea1d000 r-xp 00000000 fd:02 3788                           /usr/lib64/libxcb.so.1.1.0
326ea1d000-326ec1d000 ---p 0001d000 fd:02 3788                           /usr/lib64/libxcb.so.1.1.0
326ec1d000-326ec1e000 rw-p 0001d000 fd:02 3788                           /usr/lib64/libxcb.so.1.1.0
326ee00000-326ee02000 r-xp 00000000 fd:02 2589                           /usr/lib64/libXau.so.6.0.0
326ee02000-326f002000 ---p 00002000 fd:02 2589                           /usr/lib64/libXau.so.6.0.0
326f002000-326f003000 rw-p 00002000 fd:02 2589                           /usr/lib64/libXau.so.6.0.0
326f600000-326f737000 r-xp 00000000 fd:02 6048                           /usr/lib64/libX11.so.6.3.0
326f737000-326f937000 ---p 00137000 fd:02 6048                           /usr/lib64/libX11.so.6.3.0
326f937000-326f93d000 rw-p 00137000 fd:02 6048                           /usr/lib64/libX11.so.6.3.0
326fa00000-326fa12000 r-xp 00000000 fd:02 6066                           /usr/lib64/libXext.so.6.4.0
326fa12000-326fc12000 ---p 00012000 fd:02 6066                           /usr/lib64/libXext.so.6.4.0
326fc12000-326fc13000 rw-p 00012000 fd:02 6066                           /usr/lib64/libXext.so.6.4.0
3276200000-3276204000 r-xp 00000000 fd:00 3140                           /lib64/libuuid.so.1.3.0
3276204000-3276403000 ---p 00004000 fd:00 3140                           /lib64/libuuid.so.1.3.0
3276403000-3276404000 rw-p 00003000 fd:00 3140                           /lib64/libuuid.so.1.3.0
3276600000-327665f000 r-xp 00000000 fd:02 8184                           /usr/lib64/libXt.so.6.0.0
327665f000-327685e000 ---p 0005f000 fd:02 8184                           /usr/lib64/libXt.so.6.0.0
327685e000-3276864000 rw-p 0005e000 fd:02 8184                           /usr/lib64/libXt.so.6.0.0
3276864000-3276865000 rw-p 00000000 00:00 0 
3276a00000-3276a11000 r-xp 00000000 fd:02 8118                           /usr/lib64/libXpm.so.4.11.0
3276a11000-3276c10000 ---p 00011000 fd:02 8118                           /usr/lib64/libXpm.so.4.11.0
3276c10000-3276c11000 rw-p 00010000 fd:02 8118                           /usr/lib64/libXpm.so.4.11.0
3278200000-3278207000 r-xp 00000000 fd:02 4978                           /usr/lib64/libSM.so.6.0.1
3278207000-3278407000 ---p 00007000 fd:02 4978                           /usr/lib64/libSM.so.6.0.1
3278407000-3278408000 rw-p 00007000 fd:02 4978                           /usr/lib64/libSM.so.6.0.1
3278600000-3278617000 r-xp 00000000 fd:02 3989                           /usr/lib64/libICE.so.6.3.0
3278617000-3278817000 ---p 00017000 fd:02 3989                           /usr/lib64/libICE.so.6.3.0
3278817000-3278818000 rw-p 00017000 fd:02 3989                           /usr/lib64/libICE.so.6.3.0
3278818000-327881c000 rw-p 00000000 00:00 0 
327c200000-327c216000 r-xp 00000000 fd:00 1407                           /lib64/libnsl-2.12.so
327c216000-327c415000 ---p 00016000 fd:00 1407                           /lib64/libnsl-2.12.so
327c415000-327c416000 r--p 00015000 fd:00 1407                           /lib64/libnsl-2.12.so
327c416000-327c417000 rw-p 00016000 fd:00 1407                           /lib64/libnsl-2.12.so
327c417000-327c419000 rw-p 00000000 00:00 0 
327c600000-327c61d000 r-xp 00000000 fd:00 11094                          /lib64/libtinfo.so.5.7
327c61d000-327c81d000 ---p 0001d000 fd:00 11094                          /lib64/libtinfo.so.5.7
327c81d000-327c821000 rw-p 0001d000 fd:00 11094                          /lib64/libtinfo.so.5.7
327de00000-327de22000 r-xp 00000000 fd:00 11095                          /lib64/libncurses.so.5.7
327de22000-327e021000 ---p 00022000 fd:00 11095                          /lib64/libncurses.so.5.7
327e021000-327e022000 rw-p 00021000 fd:00 11095                          /lib64/libncurses.so.5.7
7ffe54000000-7ffe54021000 rw-p 00000000 00:00 0 
7ffe54021000-7ffe58000000 ---p 00000000 00:00 0 
7ffe58000000-7ffe58021000 rw-p 00000000 00:00 0 
7ffe58021000-7ffe5c000000 ---p 00000000 00:00 0 
7ffe5c000000-7ffe5c021000 rw-p 00000000 00:00 0 
7ffe5c021000-7ffe60000000 ---p 00000000 00:00 0 
7ffe60000000-7ffe60021000 rw-p 00000000 00:00 0 
7ffe60021000-7ffe64000000 ---p 00000000 00:00 0 
7ffe64000000-7ffe64021000 rw-p 00000000 00:00 0 
7ffe64021000-7ffe68000000 ---p 00000000 00:00 0 
7ffe68000000-7ffe68021000 rw-p 00000000 00:00 0 
7ffe68021000-7ffe6c000000 ---p 00000000 00:00 0 
7ffe6c000000-7ffe6c021000 rw-p 00000000 00:00 0 
7ffe6c021000-7ffe70000000 ---p 00000000 00:00 0 
7ffe70000000-7ffe70021000 rw-p 00000000 00:00 0 
7ffe70021000-7ffe74000000 ---p 00000000 00:00 0 
7ffe74000000-7ffe74021000 rw-p 00000000 00:00 0 
7ffe74021000-7ffe78000000 ---p 00000000 00:00 0 
7ffe78c00000-7ffe7a0c0000 rwxp 00000000 00:00 0 
7ffe7a0c0000-7ffe80c00000 rwxp 00000000 00:00 0 
7ffe80c00000-7ffe83c00000 rwxp 00000000 00:00 0 
7ffe83c00000-7ffe89f00000 rwxp 00000000 00:00 0 
7ffe89f00000-7ffe8af00000 rwxp 00000000 00:00 0 
7ffe8af00000-7ffe8d000000 rwxp 00000000 00:00 0 
7ffe8d000000-7ffe8d270000 rwxp 00000000 00:00 0 
7ffe8d270000-7ffe90000000 rwxp 00000000 00:00 0 
7ffe90000000-7ffe90021000 rw-p 00000000 00:00 0 
7ffe90021000-7ffe94000000 ---p 00000000 00:00 0 
7ffe94000000-7ffe94021000 rw-p 00000000 00:00 0 
7ffe94021000-7ffe98000000 ---p 00000000 00:00 0 
7ffe999db000-7ffe999dc000 ---p 00000000 00:00 0 
7ffe999dc000-7ffe99adc000 rwxp 00000000 00:00 0 
7ffe99adc000-7ffe99add000 ---p 00000000 00:00 0 
7ffe99add000-7ffe99bdd000 rwxp 00000000 00:00 0 
7ffe99bdd000-7ffe99bde000 ---p 00000000 00:00 0 
7ffe99bde000-7ffe99cde000 rwxp 00000000 00:00 0 
7ffe99cde000-7ffe99cdf000 ---p 00000000 00:00 0 
7ffe99cdf000-7ffe99ddf000 rwxp 00000000 00:00 0 
7ffe99ddf000-7ffe99de0000 ---p 00000000 00:00 0 
7ffe99de0000-7ffe99ee0000 rwxp 00000000 00:00 0 
7ffe99ee0000-7ffe99ee1000 ---p 00000000 00:00 0 
7ffe99ee1000-7ffe99fe1000 rwxp 00000000 00:00 0 
7ffe99fe1000-7ffe99fe2000 ---p 00000000 00:00 0 
7ffe99fe2000-7ffe9a0e2000 rwxp 00000000 00:00 0 
7ffe9a0e2000-7ffe9a0e3000 ---p 00000000 00:00 0 
7ffe9a0e3000-7ffe9a1e3000 rwxp 00000000 00:00 0 
7ffe9a1e3000-7ffe9a1e4000 ---p 00000000 00:00 0 
7ffe9a1e4000-7ffe9a2e4000 rwxp 00000000 00:00 0 
7ffe9a2e4000-7ffe9a971000 r-xp 00000000 00:25 1769696                    /net/per900a/usr/local/matlab2009b/sys/java/jre/glnxa64/jre/lib/amd64/server/libjvm.so
7ffe9a971000-7ffe9aa70000 ---p 0068d000 00:25 1769696                    /net/per900a/usr/local/matlab2009b/sys/java/jre/glnxa64/jre/lib/amd64/server/libjvm.so
7ffe9aa70000-7ffe9abc1000 rw-p 0068c000 00:25 1769696                    /net/per900a/usr/local/matlab2009b/sys/java/jre/glnxa64/jre/lib/amd64/server/libjvm.so
7ffe9abc1000-7ffe9abfe000 rw-p 00000000 00:00 0 
7ffe9abfe000-7ffe9abff000 ---p 00000000 00:00 0 
7ffe9abff000-7ffe9b5ff000 rwxp 00000000 00:00 0 
7ffe9b5ff000-7ffe9b600000 ---p 00000000 00:00 0 
7ffe9b600000-7ffe9c000000 rwxp 00000000 00:00 0 
7ffe9c000000-7ffe9c10b000 rw-p 00000000 00:00 0 
7ffe9c10b000-7ffea0000000 ---p 00000000 00:00 0 
7ffea00dd000-7ffea00de000 ---p 00000000 00:00 0 
7ffea00de000-7ffea01e9000 rwxp 00000000 00:00 0 
7ffea01e9000-7ffea021e000 rwxp 00000000 00:00 0 
7ffea021e000-7ffea0236000 rwxp 00000000 00:00 0 
7ffea0236000-7ffea0268000 rwxp 00000000 00:00 0 
7ffea0268000-7ffea0273000 rwxp 00000000 00:00 0 
7ffea0273000-7ffea02a8000 rwxp 00000000 00:00 0 
7ffea02a8000-7ffea02c0000 rwxp 00000000 00:00 0 
7ffea02c0000-7ffea02f1000 rwxp 00000000 00:00 0 
7ffea02f1000-7ffea02fa000 rwxp 00000000 00:00 0 
7ffea02fa000-7ffea030a000 rwxp 00000000 00:00 0 
7ffea030a000-7ffea0315000 rwxp 00000000 00:00 0 
7ffea0315000-7ffea03cb000 rwxp 00000000 00:00 0 
7ffea03cb000-7ffea03d9000 r-xp 00000000 00:25 1769688                    /net/per900a/usr/local/matlab2009b/sys/java/jre/glnxa64/jre/lib/amd64/libzip.so
7ffea03d9000-7ffea04db000 ---p 0000e000 00:25 1769688                    /net/per900a/usr/local/matlab2009b/sys/java/jre/glnxa64/jre/lib/amd64/libzip.so
7ffea04db000-7ffea04de000 rw-p 00010000 00:25 1769688                    /net/per900a/usr/local/matlab2009b/sys/java/jre/glnxa64/jre/lib/amd64/libzip.so
7ffea04de000-7ffea04df000 rw-p 00000000 00:00 0 
7ffea04df000-7ffea04e6000 r-xp 00000000 00:25 1769692                    /net/per900a/usr/local/matlab2009b/sys/java/jre/glnxa64/jre/lib/amd64/native_threads/libhpi.so
7ffea04e6000-7ffea05e7000 ---p 00007000 00:25 1769692                    /net/per900a/usr/local/matlab2009b/sys/java/jre/glnxa64/jre/lib/amd64/native_threads/libhpi.so
7ffea05e7000-7ffea05e9000 rw-p 00008000 00:25 1769692                    /net/per900a/usr/local/matlab2009b/sys/java/jre/glnxa64/jre/lib/amd64/native_threads/libhpi.so
7ffea05e9000-7ffea05ea000 rw-p 00000000 00:00 0 
7ffea05ea000-7ffea05f7000 r-xp 00000000 00:25 1769687                    /net/per900a/usr/local/matlab2009b/sys/java/jre/glnxa64/jre/lib/amd64/libverify.so
7ffea05f7000-7ffea06f6000 ---p 0000d000 00:25 1769687                    /net/per900a/usr/local/matlab2009b/sys/java/jre/glnxa64/jre/lib/amd64/libverify.so
7ffea06f6000-7ffea06f9000 rw-p 0000c000 00:25 1769687                    /net/per900a/usr/local/matlab2009b/sys/java/jre/glnxa64/jre/lib/amd64/libverify.so
7ffea06f9000-7ffea0722000 r-xp 00000000 00:25 1769667                    /net/per900a/usr/local/matlab2009b/sys/java/jre/glnxa64/jre/lib/amd64/libjava.so
7ffea0722000-7ffea0821000 ---p 00029000 00:25 1769667                    /net/per900a/usr/local/matlab2009b/sys/java/jre/glnxa64/jre/lib/amd64/libjava.so
7ffea0821000-7ffea0828000 rw-p 00028000 00:25 1769667                    /net/per900a/usr/local/matlab2009b/sys/java/jre/glnxa64/jre/lib/amd64/libjava.so
7ffea0828000-7ffea0829000 ---p 00000000 00:00 0 
7ffea0829000-7ffea1229000 rwxp 00000000 00:00 0 
7ffea1229000-7ffea1235000 r-xp 00000000 fd:00 3119                       /lib64/libnss_files-2.12.so
7ffea1235000-7ffea1435000 ---p 0000c000 fd:00 3119                       /lib64/libnss_files-2.12.so
7ffea1435000-7ffea1436000 r--p 0000c000 fd:00 3119                       /lib64/libnss_files-2.12.so
7ffea1436000-7ffea1437000 rw-p 0000d000 fd:00 3119                       /lib64/libnss_files-2.12.so
7ffea144e000-7ffea1483000 r--s 00000000 fd:04 262478                     /var/db/nscd/hosts
7ffea1483000-7ffea14b8000 r--s 00000000 fd:04 262476                     /var/db/nscd/passwd
7ffea14b8000-7ffea14b9000 ---p 00000000 00:00 0 
7ffea14b9000-7ffea1eb9000 rwxp 00000000 00:00 0 
7ffea1eb9000-7ffea1ebc000 ---p 00000000 00:00 0 
7ffea1ebc000-7ffea28ba000 rwxp 00000000 00:00 0 
7ffea28ba000-7ffea28bd000 r-xp 00000000 00:25 1704240                    /net/per900a/usr/local/matlab2009b/bin/glnxa64/mklcompat.so
7ffea28bd000-7ffea2abc000 ---p 00003000 00:25 1704240                    /net/per900a/usr/local/matlab2009b/bin/glnxa64/mklcompat.so
7ffea2abc000-7ffea2abd000 rw-p 00002000 00:25 1704240                    /net/per900a/usr/local/matlab2009b/bin/glnxa64/mklcompat.so
7ffea2abd000-7ffea2b29000 r-xp 00000000 00:25 1704025                    /net/per900a/usr/local/matlab2009b/bin/glnxa64/libiomp5.so
7ffea2b29000-7ffea2c29000 ---p 0006c000 00:25 1704025                    /net/per900a/usr/local/matlab2009b/bin/glnxa64/libiomp5.so
7ffea2c29000-7ffea2c2e000 rw-p 0006c000 00:25 1704025                    /net/per900a/usr/local/matlab2009b/bin/glnxa64/libiomp5.so
7ffea2c2e000-7ffea2c35000 rw-p 00000000 00:00 0 
7ffea2c35000-7ffea3a3c000 r-xp 00000000 00:25 1704239                    /net/per900a/usr/local/matlab2009b/bin/glnxa64/mkl.so
7ffea3a3c000-7ffea3c3b000 ---p 00e07000 00:25 1704239                    /net/per900a/usr/local/matlab2009b/bin/glnxa64/mkl.so
7ffea3c3b000-7ffea3c50000 rw-p 00e06000 00:25 1704239                    /net/per900a/usr/local/matlab2009b/bin/glnxa64/mkl.so
7ffea3c50000-7ffea3c66000 rw-p 00000000 00:00 0 
7ffea3c66000-7ffea9af7000 r--p 00000000 fd:02 41182                      /usr/lib/locale/locale-archive
7ffea9af7000-7ffeaa83b000 r--s 00000000 00:25 1703967                    /net/per900a/usr/local/matlab2009b/bin/glnxa64/icudt40l.dat
7ffeaa83b000-7ffeaa843000 rw-p 00000000 00:00 0 
7ffeaa843000-7ffeaa8fb000 r-xp 00000000 00:25 1802755                    /net/per900a/usr/local/matlab2009b/sys/os/glnxa64/libgfortran.so.2.0.0
7ffeaa8fb000-7ffeaaafb000 ---p 000b8000 00:25 1802755                    /net/per900a/usr/local/matlab2009b/sys/os/glnxa64/libgfortran.so.2.0.0
7ffeaaafb000-7ffeaaafd000 rw-p 000b8000 00:25 1802755                    /net/per900a/usr/local/matlab2009b/sys/os/glnxa64/libgfortran.so.2.0.0
7ffeaaafd000-7ffeaaafe000 rw-p 00000000 00:00 0 
7ffeaaafe000-7ffeaab06000 r-xp 00000000 fd:02 3796                       /usr/lib64/libXp.so.6.2.0
7ffeaab06000-7ffeaad06000 ---p 00008000 fd:02 3796                       /usr/lib64/libXp.so.6.2.0
7ffeaad06000-7ffeaad07000 rw-p 00008000 fd:02 3796                       /usr/lib64/libXp.so.6.2.0
7ffeaad07000-7ffeaad08000 rw-p 00000000 00:00 0 
7ffeaad08000-7ffeaad20000 r-xp 00000000 fd:02 19717                      /usr/lib64/libXmu.so.6.2.0
7ffeaad20000-7ffeaaf20000 ---p 00018000 fd:02 19717                      /usr/lib64/libXmu.so.6.2.0
7ffeaaf20000-7ffeaaf22000 rw-p 00018000 fd:02 19717                      /usr/lib64/libXmu.so.6.2.0
7ffeaaf22000-7ffeaaf2a000 r-xp 00000000 00:25 1704039                    /net/per900a/usr/local/matlab2009b/bin/glnxa64/libmwbinder.so
7ffeaaf2a000-7ffeab129000 ---p 00008000 00:25 1704039                    /net/per900a/usr/local/matlab2009b/bin/glnxa64/libmwbinder.so
7ffeab129000-7ffeab12a000 rw-p 00007000 00:25 1704039                    /net/per900a/usr/local/matlab2009b/bin/glnxa64/libmwbinder.so
7ffeab12a000-7ffeab12b000 rw-p 00000000 00:00 0 
7ffeab12b000-7ffeab17f000 r-xp 00000000 00:25 1704167                    /net/per900a/usr/local/matlab2009b/bin/glnxa64/libmwumfpack.so
7ffeab17f000-7ffeab37e000 ---p 00054000 00:25 1704167                    /net/per900a/usr/local/matlab2009b/bin/glnxa64/libmwumfpack.so
7ffeab37e000-7ffeab37f000 rw-p 00053000 00:25 1704167                    /net/per900a/usr/local/matlab2009b/bin/glnxa64/libmwumfpack.so
7ffeab37f000-7ffeab3a0000 r-xp 00000000 00:25 1704150                    /net/per900a/usr/local/matlab2009b/bin/glnxa64/libmwspqr.so
7ffeab3a0000-7ffeab59f000 ---p 00021000 00:25 1704150                    /net/per900a/usr/local/matlab2009b/bin/glnxa64/libmwspqr.so
7ffeab59f000-7ffeab5a0000 rw-p 00020000 00:25 1704150                    /net/per900a/usr/local/matlab2009b/bin/glnxa64/libmwspqr.so
7ffeab5a0000-7ffeab5d2000 r-xp 00000000 00:25 1704145                    /net/per900a/usr/local/matlab2009b/bin/glnxa64/libmwrookfastbp.so
7ffeab5d2000-7ffeab7d1000 ---p 00032000 00:25 1704145                    /net/per900a/usr/local/matlab2009b/bin/glnxa64/libmwrookfastbp.so
7ffeab7d1000-7ffeab7d2000 rw-p 00031000 00:25 1704145                    /net/per900a/usr/local/matlab2009b/bin/glnxa64/libmwrookfastbp.so
7ffeab7d2000-7ffeab7d3000 rw-p 00000000 00:00 0 
7ffeab7d3000-7ffeab7fa000 r-xp 00000000 00:25 1704104                    /net/per900a/usr/local/matlab2009b/bin/glnxa64/libmwma57.so
7ffeab7fa000-7ffeab9f9000 ---p 00027000 00:25 1704104                    /net/per900a/usr/local/matlab2009b/bin/glnxa64/libmwma57.so
7ffeab9f9000-7ffeab9fa000 rw-p 00026000 00:25 1704104                    /net/per900a/usr/local/matlab2009b/bin/glnxa64/libmwma57.so
7ffeab9fa000-7ffeaba04000 r-xp 00000000 00:25 1704055                    /net/per900a/usr/local/matlab2009b/bin/glnxa64/libmwcsparse.so
7ffeaba04000-7ffeabc04000 ---p 0000a000 00:25 1704055                    /net/per900a/usr/local/matlab2009b/bin/glnxa64/libmwcsparse.so
7ffeabc04000-7ffeabc05000 rw-p 0000a000 00:25 1704055                    /net/per900a/usr/local/matlab2009b/bin/glnxa64/libmwcsparse.so
7ffeabc05000-7ffeabc06000 rw-p 00000000 00:00 0 
7ffeabc06000-7ffeabc0c000 r-xp 00000000 00:25 1704054                    /net/per900a/usr/local/matlab2009b/bin/glnxa64/libmwcolamd.so
7ffeabc0c000-7ffeabe0b000 ---p 00006000 00:25 1704054                    /net/per900a/usr/local/matlab2009b/bin/glnxa64/libmwcolamd.so
7ffeabe0b000-7ffeabe0c000 rw-p 00005000 00:25 1704054                    /net/per900a/usr/local/matlab2009b/bin/glnxa64/libmwcolamd.so
7ffeabe0c000-7ffeabe4d000 r-xp 00000000 00:25 1704051                    /net/per900a/usr/local/matlab2009b/bin/glnxa64/libmwcholmod.so
7ffeabe4d000-7ffeac04c000 ---p 00041000 00:25 1704051                    /net/per900a/usr/local/matlab2009b/bin/glnxa64/libmwcholmod.so
7ffeac04c000-7ffeac04d000 rw-p 00040000 00:25 1704051                    /net/per900a/usr/local/matlab2009b/bin/glnxa64/libmwcholmod.so
7ffeac04d000-7ffeac055000 r-xp 00000000 00:25 1704037                    /net/per900a/usr/local/matlab2009b/bin/glnxa64/libmwamd.so
7ffeac055000-7ffeac254000 ---p 00008000 00:25 1704037                    /net/per900a/usr/local/matlab2009b/bin/glnxa64/libmwamd.so
7ffeac254000-7ffeac255000 rw-p 00007000 00:25 1704037                    /net/per900a/usr/local/matlab2009b/bin/glnxa64/libmwamd.so
7ffeac255000-7ffeac256000 rw-p 00000000 00:00 0 
7ffeac256000-7ffeac26a000 r-xp 00000000 00:25 1704041                    /net/per900a/usr/local/matlab2009b/bin/glnxa64/libmwblas.so
7ffeac26a000-7ffeac469000 ---p 00014000 00:25 1704041                    /net/per900a/usr/local/matlab2009b/bin/glnxa64/libmwblas.so
7ffeac469000-7ffeac46b000 rw-p 00013000 00:25 1704041                    /net/per900a/usr/local/matlab2009b/bin/glnxa64/libmwblas.so
7ffeac46b000-7ffeac4f8000 r-xp 00000000 00:25 1704106                    /net/per900a/usr/local/matlab2009b/bin/glnxa64/libmwmathcore.so
7ffeac4f8000-7ffeac6f7000 ---p 0008d000 00:25 1704106                    /net/per900a/usr/local/matlab2009b/bin/glnxa64/libmwmathcore.so
7ffeac6f7000-7ffeac6fb000 rw-p 0008c000 00:25 1704106                    /net/per900a/usr/local/matlab2009b/bin/glnxa64/libmwmathcore.so
7ffeac6fb000-7ffeac6fc000 rw-p 00000000 00:00 0 
7ffeac6fc000-7ffeacb0d000 r-xp 00000000 00:25 1704110                    /net/per900a/usr/local/matlab2009b/bin/glnxa64/libmwmathelem.so
7ffeacb0d000-7ffeacd0d000 ---p 00411000 00:25 1704110                    /net/per900a/usr/local/matlab2009b/bin/glnxa64/libmwmathelem.so
7ffeacd0d000-7ffeacd15000 rw-p 00411000 00:25 1704110                    /net/per900a/usr/local/matlab2009b/bin/glnxa64/libmwmathelem.so
7ffeacd15000-7ffeacd17000 rw-p 00000000 00:00 0 
7ffeacd17000-7ffeacf9a000 r-xp 00000000 00:25 1704012                    /net/per900a/usr/local/matlab2009b/bin/glnxa64/libhdf5.so.5.0.1
7ffeacf9a000-7ffead199000 ---p 00283000 00:25 1704012                    /net/per900a/usr/local/matlab2009b/bin/glnxa64/libhdf5.so.5.0.1
7ffead199000-7ffead1a3000 rw-p 00282000 00:25 1704012                    /net/per900a/usr/local/matlab2009b/bin/glnxa64/libhdf5.so.5.0.1
7ffead1a3000-7ffead1a4000 rw-p 00000000 00:00 0 
7ffead1a4000-7ffead1bf000 r-xp 00000000 00:25 1704014                    /net/per900a/usr/local/matlab2009b/bin/glnxa64/libhdf5_hl.so.0.0.0
7ffead1bf000-7ffead3bf000 ---p 0001b000 00:25 1704014                    /net/per900a/usr/local/matlab2009b/bin/glnxa64/libhdf5_hl.so.0.0.0
7ffead3bf000-7ffead3c0000 rw-p 0001b000 00:25 1704014                    /net/per900a/usr/local/matlab2009b/bin/glnxa64/libhdf5_hl.so.0.0.0
7ffead3c0000-7ffead3d4000 rw-p 00000000 00:00 0 
7ffead3d4000-7ffead647000 r-xp 00000000 00:25 1802752                    /net/per900a/usr/local/matlab2009b/sys/os/glnxa64/libXm.so.3.0.2
7ffead647000-7ffead847000 ---p 00273000 00:25 1802752                    /net/per900a/usr/local/matlab2009b/sys/os/glnxa64/libXm.so.3.0.2
7ffead847000-7ffead871000 rw-p 00273000 00:25 1802752                    /net/per900a/usr/local/matlab2009b/sys/os/glnxa64/libXm.so.3.0.2
7ffead871000-7ffead872000 rw-p 00000000 00:00 0 
7ffead872000-7ffead910000 r-xp 00000000 00:25 1704086                    /net/per900a/usr/local/matlab2009b/bin/glnxa64/libmwlapack.so
7ffead910000-7ffeadb0f000 ---p 0009e000 00:25 1704086                    /net/per900a/usr/local/matlab2009b/bin/glnxa64/libmwlapack.so
7ffeadb0f000-7ffeadb18000 rw-p 0009d000 00:25 1704086                    /net/per900a/usr/local/matlab2009b/bin/glnxa64/libmwlapack.so
7ffeadb18000-7ffeadb4c000 r-xp 00000000 00:25 1704076                    /net/per900a/usr/local/matlab2009b/bin/glnxa64/libmwhgutils.so
7ffeadb4c000-7ffeadd4b000 ---p 00034000 00:25 1704076                    /net/per900a/usr/local/matlab2009b/bin/glnxa64/libmwhgutils.so
7ffeadd4b000-7ffeadd4e000 rw-p 00033000 00:25 1704076                    /net/per900a/usr/local/matlab2009b/bin/glnxa64/libmwhgutils.so
7ffeadd4e000-7ffeadd4f000 rw-p 00000000 00:00 0 
7ffeadd4f000-7ffeadec5000 r-xp 00000000 00:25 1704074                    /net/per900a/usr/local/matlab2009b/bin/glnxa64/libmwhgdatatypes.so
7ffeadec5000-7ffeae0c4000 ---p 00176000 00:25 1704074                    /net/per900a/usr/local/matlab2009b/bin/glnxa64/libmwhgdatatypes.so
7ffeae0c4000-7ffeae0da000 rw-p 00175000 00:25 1704074                    /net/per900a/usr/local/matlab2009b/bin/glnxa64/libmwhgdatatypes.so
7ffeae0da000-7ffeae0db000 rw-p 00000000 00:00 0 
7ffeae0db000-7ffeae1b2000 r-xp 00000000 00:25 1704112                    /net/per900a/usr/local/matlab2009b/bin/glnxa64/libmwmathlinalg.so
7ffeae1b2000-7ffeae3b2000 ---p 000d7000 00:25 1704112                    /net/per900a/usr/local/matlab2009b/bin/glnxa64/libmwmathlinalg.so
7ffeae3b2000-7ffeae3b4000 rw-p 000d7000 00:25 1704112                    /net/per900a/usr/local/matlab2009b/bin/glnxa64/libmwmathlinalg.so
7ffeae3b4000-7ffeae3b5000 rw-p 00000000 00:00 0 
7ffeae3b5000-7ffeae3e2000 r-xp 00000000 00:25 1704068                    /net/per900a/usr/local/matlab2009b/bin/glnxa64/libmwhardcopy.so
7ffeae3e2000-7ffeae5e1000 ---p 0002d000 00:25 1704068                    /net/per900a/usr/local/matlab2009b/bin/glnxa64/libmwhardcopy.so
7ffeae5e1000-7ffeae5e3000 rw-p 0002c000 00:25 1704068                    /net/per900a/usr/local/matlab2009b/bin/glnxa64/libmwhardcopy.so
7ffeae5e3000-7ffeae5e5000 rw-p 00000000 00:00 0 
7ffeae5e5000-7ffeae5f4000 r-xp 00000000 00:25 1704082                    /net/per900a/usr/local/matlab2009b/bin/glnxa64/libmwir_xfmr.so
7ffeae5f4000-7ffeae7f4000 ---p 0000f000 00:25 1704082                    /net/per900a/usr/local/matlab2009b/bin/glnxa64/libmwir_xfmr.so
7ffeae7f4000-7ffeae7f5000 rw-p 0000f000 00:25 1704082                    /net/per900a/usr/local/matlab2009b/bin/glnxa64/libmwir_xfmr.so
7ffeae7f5000-7ffeae7f6000 rw-p 00000000 00:00 0 
7ffeae7f6000-7ffeae80f000 r-xp 00000000 00:25 1704100                    /net/per900a/usr/local/matlab2009b/bin/glnxa64/libmwm_pcodegen.so
7ffeae80f000-7ffeaea0e000 ---p 00019000 00:25 1704100                    /net/per900a/usr/local/matlab2009b/bin/glnxa64/libmwm_pcodegen.so
7ffeaea0e000-7ffeaea10000 rw-p 00018000 00:25 1704100                    /net/per900a/usr/local/matlab2009b/bin/glnxa64/libmwm_pcodegen.so
7ffeaea10000-7ffeaea11000 rw-p 00000000 00:00 0 
7ffeaea11000-7ffeaea23000 r-xp 00000000 00:25 1704102                    /net/per900a/usr/local/matlab2009b/bin/glnxa64/libmwm_pcodeio.so
7ffeaea23000-7ffeaec23000 ---p 00012000 00:25 1704102                    /net/per900a/usr/local/matlab2009b/bin/glnxa64/libmwm_pcodeio.so
7ffeaec23000-7ffeaec24000 rw-p 00012000 00:25 1704102                    /net/per900a/usr/local/matlab2009b/bin/glnxa64/libmwm_pcodeio.so
7ffeaec24000-7ffeaec2f000 r-xp 00000000 00:25 1704126                    /net/per900a/usr/local/matlab2009b/bin/glnxa64/libmwmlib.so
7ffeaec2f000-7ffeaee2e000 ---p 0000b000 00:25 1704126                    /net/per900a/usr/local/matlab2009b/bin/glnxa64/libmwmlib.so
7ffeaee2e000-7ffeaee30000 rw-p 0000a000 00:25 1704126                    /net/per900a/usr/local/matlab2009b/bin/glnxa64/libmwmlib.so
7ffeaee30000-7ffeaee57000 r-xp 00000000 00:25 1704114                    /net/per900a/usr/local/matlab2009b/bin/glnxa64/libmwmathrng.so
7ffeaee57000-7ffeaf056000 ---p 00027000 00:25 1704114                    /net/per900a/usr/local/matlab2009b/bin/glnxa64/libmwmathrng.so
7ffeaf056000-7ffeaf058000 rw-p 00026000 00:25 1704114                    /net/per900a/usr/local/matlab2009b/bin/glnxa64/libmwmathrng.so
7ffeaf058000-7ffeaf05b000 rw-p 00000000 00:00 0 
7ffeaf05b000-7ffeaf097000 r-xp 00000000 00:25 1704142                    /net/per900a/usr/local/matlab2009b/bin/glnxa64/libmwprofiler.so
7ffeaf097000-7ffeaf297000 ---p 0003c000 00:25 1704142                    /net/per900a/usr/local/matlab2009b/bin/glnxa64/libmwprofiler.so
7ffeaf297000-7ffeaf29a000 rw-p 0003c000 00:25 1704142                    /net/per900a/usr/local/matlab2009b/bin/glnxa64/libmwprofiler.so
7ffeaf29a000-7ffeaf2c2000 r-xp 00000000 00:25 1704030                    /net/per900a/usr/local/matlab2009b/bin/glnxa64/libmat.so
7ffeaf2c2000-7ffeaf4c1000 ---p 00028000 00:25 1704030                    /net/per900a/usr/local/matlab2009b/bin/glnxa64/libmat.so
7ffeaf4c1000-7ffeaf4c3000 rw-p 00027000 00:25 1704030                    /net/per900a/usr/local/matlab2009b/bin/glnxa64/libmat.so
7ffeaf4c3000-7ffeaf889000 r-xp 00000000 00:25 1704234                    /net/per900a/usr/local/matlab2009b/bin/glnxa64/libxerces-c.so.27.0
7ffeaf889000-7ffeafa88000 ---p 003c6000 00:25 1704234                    /net/per900a/usr/local/matlab2009b/bin/glnxa64/libxerces-c.so.27.0
7ffeafa88000-7ffeafacc000 rw-p 003c5000 00:25 1704234                    /net/per900a/usr/local/matlab2009b/bin/glnxa64/libxerces-c.so.27.0
7ffeafacc000-7ffeaface000 rw-p 00000000 00:00 0 
7ffeaface000-7ffeafb91000 r-xp 00000000 00:25 1703978                    /net/per900a/usr/local/matlab2009b/bin/glnxa64/libboost_regex-gcc42-mt-1_36.so.1.36.0
7ffeafb91000-7ffeafd90000 ---p 000c3000 00:25 1703978                    /net/per900a/usr/local/matlab2009b/bin/glnxa64/libboost_regex-gcc42-mt-1_36.so.1.36.0
7ffeafd90000-7ffeafd95000 rw-p 000c2000 00:25 1703978                    /net/per900a/usr/local/matlab2009b/bin/glnxa64/libboost_regex-gcc42-mt-1_36.so.1.36.0
7ffeafd95000-7ffeafd96000 rw-p 00000000 00:00 0 
7ffeafd96000-7ffeafe0f000 r-xp 00000000 00:25 1704168                    /net/per900a/usr/local/matlab2009b/bin/glnxa64/libmwxmlcore.so
7ffeafe0f000-7ffeb000f000 ---p 00079000 00:25 1704168                    /net/per900a/usr/local/matlab2009b/bin/glnxa64/libmwxmlcore.so
7ffeb000f000-7ffeb0017000 rw-p 00079000 00:25 1704168                    /net/per900a/usr/local/matlab2009b/bin/glnxa64/libmwxmlcore.so
7ffeb0017000-7ffeb0019000 rw-p 00000000 00:00 0 
7ffeb0019000-7ffeb0159000 r-xp 00000000 00:25 1704165                    /net/per900a/usr/local/matlab2009b/bin/glnxa64/libmwuix.so
7ffeb0159000-7ffeb0359000 ---p 00140000 00:25 1704165                    /net/per900a/usr/local/matlab2009b/bin/glnxa64/libmwuix.so
7ffeb0359000-7ffeb036d000 rw-p 00140000 00:25 1704165                    /net/per900a/usr/local/matlab2009b/bin/glnxa64/libmwuix.so
7ffeb036d000-7ffeb0372000 rw-p 00000000 00:00 0 
7ffeb0372000-7ffeb03b9000 r-xp 00000000 00:25 1704096                    /net/per900a/usr/local/matlab2009b/bin/glnxa64/libmwm_ir.so
7ffeb03b9000-7ffeb05b9000 ---p 00047000 00:25 1704096                    /net/per900a/usr/local/matlab2009b/bin/glnxa64/libmwm_ir.so
7ffeb05b9000-7ffeb05c1000 rw-p 00047000 00:25 1704096                    /net/per900a/usr/local/matlab2009b/bin/glnxa64/libmwm_ir.so
7ffeb05c1000-7ffeb05c2000 rw-p 00000000 00:00 0 
7ffeb05c2000-7ffeb05c7000 r-xp 00000000 00:25 1704163                    /net/per900a/usr/local/matlab2009b/bin/glnxa64/libmwuinone.so
7ffeb05c7000-7ffeb07c7000 ---p 00005000 00:25 1704163                    /net/per900a/usr/local/matlab2009b/bin/glnxa64/libmwuinone.so
7ffeb07c7000-7ffeb07c8000 rw-p 00005000 00:25 1704163                    /net/per900a/usr/local/matlab2009b/bin/glnxa64/libmwuinone.so
7ffeb07c8000-7ffeb085c000 r-xp 00000000 00:25 1704161                    /net/per900a/usr/local/matlab2009b/bin/glnxa64/libmwudd_mi.so
7ffeb085c000-7ffeb0a5b000 ---p 00094000 00:25 1704161                    /net/per900a/usr/local/matlab2009b/bin/glnxa64/libmwudd_mi.so
7ffeb0a5b000-7ffeb0a66000 rw-p 00093000 00:25 1704161                    /net/per900a/usr/local/matlab2009b/bin/glnxa64/libmwudd_mi.so
7ffeb0a66000-7ffeb0a67000 rw-p 00000000 00:00 0 
7ffeb0a67000-7ffeb0aa7000 r-xp 00000000 00:25 1704229                    /net/per900a/usr/local/matlab2009b/bin/glnxa64/libuij.so
7ffeb0aa7000-7ffeb0ca7000 ---p 00040000 00:25 1704229                    /net/per900a/usr/local/matlab2009b/bin/glnxa64/libuij.so
7ffeb0ca7000-7ffeb0ca9000 rw-p 00040000 00:25 1704229                    /net/per900a/usr/local/matlab2009b/bin/glnxa64/libuij.so
7ffeb0ca9000-7ffeb0cab000 rw-p 00000000 00:00 0 
7ffeb0cab000-7ffeb1339000 r-xp 00000000 00:25 1704070                    /net/per900a/usr/local/matlab2009b/bin/glnxa64/libmwhg.so
7ffeb1339000-7ffeb1538000 ---p 0068e000 00:25 1704070                    /net/per900a/usr/local/matlab2009b/bin/glnxa64/libmwhg.so
7ffeb1538000-7ffeb15c2000 rw-p 0068d000 00:25 1704070                    /net/per900a/usr/local/matlab2009b/bin/glnxa64/libmwhg.so
7ffeb15c2000-7ffeb15cb000 rw-p 00000000 00:00 0 
7ffeb15cb000-7ffeb16d2000 r-xp 00000000 00:25 1704064                    /net/per900a/usr/local/matlab2009b/bin/glnxa64/libmwgui.so
7ffeb16d2000-7ffeb18d1000 ---p 00107000 00:25 1704064                    /net/per900a/usr/local/matlab2009b/bin/glnxa64/libmwgui.so
7ffeb18d1000-7ffeb190c000 rw-p 00106000 00:25 1704064                    /net/per900a/usr/local/matlab2009b/bin/glnxa64/libmwgui.so
7ffeb190c000-7ffeb190e000 rw-p 00000000 00:00 0 
7ffeb190e000-7ffeb1b3f000 r-xp 00000000 00:25 1704120                    /net/per900a/usr/local/matlab2009b/bin/glnxa64/libmwmcos.so
7ffeb1b3f000-7ffeb1d3e000 ---p 00231000 00:25 1704120                    /net/per900a/usr/local/matlab2009b/bin/glnxa64/libmwmcos.so
7ffeb1d3e000-7ffeb1d62000 rw-p 00230000 00:25 1704120                    /net/per900a/usr/local/matlab2009b/bin/glnxa64/libmwmcos.so
7ffeb1d62000-7ffeb1d63000 rw-p 00000000 00:00 0 
7ffeb1d63000-7ffeb1d6a000 r-xp 00000000 00:25 1704138                    /net/per900a/usr/local/matlab2009b/bin/glnxa64/libmwmtok.so
7ffeb1d6a000-7ffeb1f69000 ---p 00007000 00:25 1704138                    /net/per900a/usr/local/matlab2009b/bin/glnxa64/libmwmtok.so
7ffeb1f69000-7ffeb1f6a000 rw-p 00006000 00:25 1704138                    /net/per900a/usr/local/matlab2009b/bin/glnxa64/libmwmtok.so
7ffeb1f6a000-7ffeb1fdb000 r-xp 00000000 00:25 1704128                    /net/per900a/usr/local/matlab2009b/bin/glnxa64/libmwmlint.so
7ffeb1fdb000-7ffeb21da000 ---p 00071000 00:25 1704128                    /net/per900a/usr/local/matlab2009b/bin/glnxa64/libmwmlint.so
7ffeb21da000-7ffeb21e1000 rw-p 00070000 00:25 1704128                    /net/per900a/usr/local/matlab2009b/bin/glnxa64/libmwmlint.so
7ffeb21e1000-7ffeb21e2000 rw-p 00000000 00:00 0 
7ffeb21e2000-7ffeb22ac000 r-xp 00000000 00:25 1704159                    /net/per900a/usr/local/matlab2009b/bin/glnxa64/libmwudd.so
7ffeb22ac000-7ffeb24ab000 ---p 000ca000 00:25 1704159                    /net/per900a/usr/local/matlab2009b/bin/glnxa64/libmwudd.so
7ffeb24ab000-7ffeb24c1000 rw-p 000c9000 00:25 1704159                    /net/per900a/usr/local/matlab2009b/bin/glnxa64/libmwudd.so
7ffeb24c1000-7ffeb24c4000 rw-p 00000000 00:00 0 
7ffeb24c4000-7ffeb26ff000 r-xp 00000000 00:25 1704098                    /net/per900a/usr/local/matlab2009b/bin/glnxa64/libmwm_parser.so
7ffeb26ff000-7ffeb28ff000 ---p 0023b000 00:25 1704098                    /net/per900a/usr/local/matlab2009b/bin/glnxa64/libmwm_parser.so
7ffeb28ff000-7ffeb2d5d000 rw-p 0023b000 00:25 1704098                    /net/per900a/usr/local/matlab2009b/bin/glnxa64/libmwm_parser.so
7ffeb2d5d000-7ffeb2d5f000 rw-p 00000000 00:00 0 
7ffeb2d5f000-7ffeb2d6d000 r-xp 00000000 00:25 1704032                    /net/per900a/usr/local/matlab2009b/bin/glnxa64/libmex.so
7ffeb2d6d000-7ffeb2f6d000 ---p 0000e000 00:25 1704032                    /net/per900a/usr/local/matlab2009b/bin/glnxa64/libmex.so
7ffeb2f6d000-7ffeb2f6e000 rw-p 0000e000 00:25 1704032                    /net/per900a/usr/local/matlab2009b/bin/glnxa64/libmex.so
7ffeb2f6e000-7ffeb2fd1000 r-xp 00000000 00:25 1704078                    /net/per900a/usr/local/matlab2009b/bin/glnxa64/libmwiqm.so
7ffeb2fd1000-7ffeb31d0000 ---p 00063000 00:25 1704078                    /net/per900a/usr/local/matlab2009b/bin/glnxa64/libmwiqm.so
7ffeb31d0000-7ffeb31d5000 rw-p 00062000 00:25 1704078                    /net/per900a/usr/local/matlab2009b/bin/glnxa64/libmwiqm.so
7ffeb31d5000-7ffeb31d6000 rw-p 00000000 00:00 0 
7ffeb31d6000-7ffeb31ff000 r-xp 00000000 00:25 1704225                    /net/per900a/usr/local/matlab2009b/bin/glnxa64/libtbb.so.2
7ffeb31ff000-7ffeb32fe000 ---p 00029000 00:25 1704225                    /net/per900a/usr/local/matlab2009b/bin/glnxa64/libtbb.so.2
7ffeb32fe000-7ffeb3301000 rw-p 00028000 00:25 1704225                    /net/per900a/usr/local/matlab2009b/bin/glnxa64/libtbb.so.2
7ffeb3301000-7ffeb3368000 r-xp 00000000 00:25 1704118                    /net/per900a/usr/local/matlab2009b/bin/glnxa64/libmwmathutil.so
7ffeb3368000-7ffeb3568000 ---p 00067000 00:25 1704118                    /net/per900a/usr/local/matlab2009b/bin/glnxa64/libmwmathutil.so
7ffeb3568000-7ffeb3569000 rw-p 00067000 00:25 1704118                    /net/per900a/usr/local/matlab2009b/bin/glnxa64/libmwmathutil.so
7ffeb3569000-7ffeb356a000 rw-p 00000000 00:00 0 
7ffeb356a000-7ffeb3581000 r-xp 00000000 00:25 1703973                    /net/per900a/usr/local/matlab2009b/bin/glnxa64/libboost_filesystem-gcc42-mt-1_36.so.1.36.0
7ffeb3581000-7ffeb3780000 ---p 00017000 00:25 1703973                    /net/per900a/usr/local/matlab2009b/bin/glnxa64/libboost_filesystem-gcc42-mt-1_36.so.1.36.0
7ffeb3780000-7ffeb3782000 rw-p 00016000 00:25 1703973                    /net/per900a/usr/local/matlab2009b/bin/glnxa64/libboost_filesystem-gcc42-mt-1_36.so.1.36.0
7ffeb3782000-7ffeb37b4000 r-xp 00000000 00:25 1704130                    /net/per900a/usr/local/matlab2009b/bin/glnxa64/libmwmlutil.so
7ffeb37b4000-7ffeb39b4000 ---p 00032000 00:25 1704130                    /net/per900a/usr/local/matlab2009b/bin/glnxa64/libmwmlutil.so
7ffeb39b4000-7ffeb39b6000 rw-p 00032000 00:25 1704130                    /net/per900a/usr/local/matlab2009b/bin/glnxa64/libmwmlutil.so
7ffeb39b6000-7ffeb39b7000 rw-p 00000000 00:00 0 
7ffeb39b7000-7ffeb39ba000 r-xp 00000000 00:25 1703981                    /net/per900a/usr/local/matlab2009b/bin/glnxa64/libboost_system-gcc42-mt-1_36.so.1.36.0
7ffeb39ba000-7ffeb3bb9000 ---p 00003000 00:25 1703981                    /net/per900a/usr/local/matlab2009b/bin/glnxa64/libboost_system-gcc42-mt-1_36.so.1.36.0
7ffeb3bb9000-7ffeb3bba000 rw-p 00002000 00:25 1703981                    /net/per900a/usr/local/matlab2009b/bin/glnxa64/libboost_system-gcc42-mt-1_36.so.1.36.0
7ffeb3bba000-7ffeb3bbb000 rw-p 00000000 00:00 0 
7ffeb3bbb000-7ffeb3bd0000 r-xp 00000000 00:25 1703980                    /net/per900a/usr/local/matlab2009b/bin/glnxa64/libboost_signals-gcc42-mt-1_36.so.1.36.0
7ffeb3bd0000-7ffeb3dcf000 ---p 00015000 00:25 1703980                    /net/per900a/usr/local/matlab2009b/bin/glnxa64/libboost_signals-gcc42-mt-1_36.so.1.36.0
7ffeb3dcf000-7ffeb3dd0000 rw-p 00014000 00:25 1703980                    /net/per900a/usr/local/matlab2009b/bin/glnxa64/libboost_signals-gcc42-mt-1_36.so.1.36.0
7ffeb3dd0000-7ffeb3de0000 r-xp 00000000 00:25 1703982                    /net/per900a/usr/local/matlab2009b/bin/glnxa64/libboost_thread-gcc42-mt-1_36.so.1.36.0
7ffeb3de0000-7ffeb3fdf000 ---p 00010000 00:25 1703982                    /net/per900a/usr/local/matlab2009b/bin/glnxa64/libboost_thread-gcc42-mt-1_36.so.1.36.0
7ffeb3fdf000-7ffeb3fe1000 rw-p 0000f000 00:25 1703982                    /net/per900a/usr/local/matlab2009b/bin/glnxa64/libboost_thread-gcc42-mt-1_36.so.1.36.0
7ffeb3fe1000-7ffeb3fe2000 rw-p 00000000 00:00 0 
7ffeb3fe2000-7ffeb3fed000 r-xp 00000000 00:25 1704020                    /net/per900a/usr/local/matlab2009b/bin/glnxa64/libicuio.so.40.0
7ffeb3fed000-7ffeb41ec000 ---p 0000b000 00:25 1704020                    /net/per900a/usr/local/matlab2009b/bin/glnxa64/libicuio.so.40.0
7ffeb41ec000-7ffeb41ee000 rw-p 0000a000 00:25 1704020                    /net/per900a/usr/local/matlab2009b/bin/glnxa64/libicuio.so.40.0
7ffeb41ee000-7ffeb4366000 r-xp 00000000 00:25 1704018                    /net/per900a/usr/local/matlab2009b/bin/glnxa64/libicui18n.so.40.0
7ffeb4366000-7ffeb4565000 ---p 00178000 00:25 1704018                    /net/per900a/usr/local/matlab2009b/bin/glnxa64/libicui18n.so.40.0
7ffeb4565000-7ffeb4572000 rw-p 00177000 00:25 1704018                    /net/per900a/usr/local/matlab2009b/bin/glnxa64/libicui18n.so.40.0
7ffeb4572000-7ffeb4573000 rw-p 00000000 00:00 0 
7ffeb4573000-7ffeb46a7000 r-xp 00000000 00:25 1704022                    /net/per900a/usr/local/matlab2009b/bin/glnxa64/libicuuc.so.40.0
7ffeb46a7000-7ffeb48a7000 ---p 00134000 00:25 1704022                    /net/per900a/usr/local/matlab2009b/bin/glnxa64/libicuuc.so.40.0
7ffeb48a7000-7ffeb48b7000 rw-p 00134000 00:25 1704022                    /net/per900a/usr/local/matlab2009b/bin/glnxa64/libicuuc.so.40.0
7ffeb48b7000-7ffeb48b9000 rw-p 00000000 00:00 0 
7ffeb48b9000-7ffeb48ba000 r-xp 00000000 00:25 1704016                    /net/per900a/usr/local/matlab2009b/bin/glnxa64/libicudata.so.40.0
7ffeb48ba000-7ffeb4ab9000 ---p 00001000 00:25 1704016                    /net/per900a/usr/local/matlab2009b/bin/glnxa64/libicudata.so.40.0
7ffeb4ab9000-7ffeb4aba000 rw-p 00000000 00:25 1704016                    /net/per900a/usr/local/matlab2009b/bin/glnxa64/libicudata.so.40.0
7ffeb4aba000-7ffeb4adb000 r-xp 00000000 00:25 1703993                    /net/per900a/usr/local/matlab2009b/bin/glnxa64/libexpat.so.1.5.0
7ffeb4adb000-7ffeb4cda000 ---p 00021000 00:25 1703993                    /net/per900a/usr/local/matlab2009b/bin/glnxa64/libexpat.so.1.5.0
7ffeb4cda000-7ffeb4cdd000 rw-p 00020000 00:25 1703993                    /net/per900a/usr/local/matlab2009b/bin/glnxa64/libexpat.so.1.5.0
7ffeb4cdd000-7ffeb4cdf000 rw-p 00000000 00:00 0 
7ffeb4cdf000-7ffeb4cec000 r-xp 00000000 00:25 1802753                    /net/per900a/usr/local/matlab2009b/sys/os/glnxa64/libgcc_s.so.1
7ffeb4cec000-7ffeb4eeb000 ---p 0000d000 00:25 1802753                    /net/per900a/usr/local/matlab2009b/sys/os/glnxa64/libgcc_s.so.1
7ffeb4eeb000-7ffeb4eec000 rw-p 0000c000 00:25 1802753                    /net/per900a/usr/local/matlab2009b/sys/os/glnxa64/libgcc_s.so.1
7ffeb4eec000-7ffeb4eed000 rw-p 00000000 00:00 0 
7ffeb4ef3000-7ffeb4efb000 rw-s 00000000 fd:03 1337                       /tmp/hsperfdata_plsang/11406
7ffeb4efb000-7ffeb4efc000 rw-p 00000000 00:00 0 
7ffeb4efc000-7ffeb4efd000 r--p 00000000 00:00 0 
7ffeb4efd000-7ffeb4f04000 r--s 00000000 fd:02 18561                      /usr/lib64/gconv/gconv-modules.cache
7ffeb4f04000-7ffeb4feb000 r-xp 00000000 00:25 1802766                    /net/per900a/usr/local/matlab2009b/sys/os/glnxa64/libstdc++.so.6.0.9
7ffeb4feb000-7ffeb51ea000 ---p 000e7000 00:25 1802766                    /net/per900a/usr/local/matlab2009b/sys/os/glnxa64/libstdc++.so.6.0.9
7ffeb51ea000-7ffeb51f1000 r--p 000e6000 00:25 1802766                    /net/per900a/usr/local/matlab2009b/sys/os/glnxa64/libstdc++.so.6.0.9
7ffeb51f1000-7ffeb51f3000 rw-p 000ed000 00:25 1802766                    /net/per900a/usr/local/matlab2009b/sys/os/glnxa64/libstdc++.so.6.0.9
7ffeb51f3000-7ffeb5206000 rw-p 00000000 00:00 0 
7ffeb5206000-7ffeb56f0000 r-xp 00000000 00:25 1704094                    /net/per900a/usr/local/matlab2009b/bin/glnxa64/libmwm_interpreter.so
7ffeb56f0000-7ffeb58ef000 ---p 004ea000 00:25 1704094                    /net/per900a/usr/local/matlab2009b/bin/glnxa64/libmwm_interpreter.so
7ffeb58ef000-7ffeb59c5000 rw-p 004e9000 00:25 1704094                    /net/per900a/usr/local/matlab2009b/bin/glnxa64/libmwm_interpreter.so
7ffeb59c5000-7ffeb5a65000 rw-p 00000000 00:00 0 
7ffeb5a65000-7ffeb5add000 r-xp 00000000 00:25 1704092                    /net/per900a/usr/local/matlab2009b/bin/glnxa64/libmwm_dispatcher.so
7ffeb5add000-7ffeb5cdd000 ---p 00078000 00:25 1704092                    /net/per900a/usr/local/matlab2009b/bin/glnxa64/libmwm_dispatcher.so
7ffeb5cdd000-7ffeb5ce2000 rw-p 00078000 00:25 1704092                    /net/per900a/usr/local/matlab2009b/bin/glnxa64/libmwm_dispatcher.so
7ffeb5ce2000-7ffeb5ce3000 rw-p 00000000 00:00 0 
7ffeb5ce3000-7ffeb5d48000 r-xp 00000000 00:25 1704124                    /net/per900a/usr/local/matlab2009b/bin/glnxa64/libmwmcr.so
7ffeb5d48000-7ffeb5f48000 ---p 00065000 00:25 1704124                    /net/per900a/usr/local/matlab2009b/bin/glnxa64/libmwmcr.so
7ffeb5f48000-7ffeb5f4c000 rw-p 00065000 00:25 1704124                    /net/per900a/usr/local/matlab2009b/bin/glnxa64/libmwmcr.so
7ffeb5f4c000-7ffeb5f52000 rw-p 00000000 00:00 0 
7ffeb5f52000-7ffeb5f73000 r-xp 00000000 00:25 1704045                    /net/per900a/usr/local/matlab2009b/bin/glnxa64/libmwbridge.so
7ffeb5f73000-7ffeb6173000 ---p 00021000 00:25 1704045                    /net/per900a/usr/local/matlab2009b/bin/glnxa64/libmwbridge.so
7ffeb6173000-7ffeb6176000 rw-p 00021000 00:25 1704045                    /net/per900a/usr/local/matlab2009b/bin/glnxa64/libmwbridge.so
7ffeb6176000-7ffeb617d000 rw-p 00000000 00:00 0 
7ffeb617d000-7ffeb61cb000 r-xp 00000000 00:25 1704084                    /net/per900a/usr/local/matlab2009b/bin/glnxa64/libmwjmi.so
7ffeb61cb000-7ffeb63cb000 ---p 0004e000 00:25 1704084                    /net/per900a/usr/local/matlab2009b/bin/glnxa64/libmwjmi.so
7ffeb63cb000-7ffeb63cf000 rw-p 0004e000 00:25 1704084                    /net/per900a/usr/local/matlab2009b/bin/glnxa64/libmwjmi.so
7ffeb63cf000-7ffeb63d0000 rw-p 00000000 00:00 0 
7ffeb63d0000-7ffeb655a000 r-xp 00000000 00:25 1704146                    /net/per900a/usr/local/matlab2009b/bin/glnxa64/libmwservices.so
7ffeb655a000-7ffeb6759000 ---p 0018a000 00:25 1704146                    /net/per900a/usr/local/matlab2009b/bin/glnxa64/libmwservices.so
7ffeb6759000-7ffeb6767000 rw-p 00189000 00:25 1704146                    /net/per900a/usr/local/matlab2009b/bin/glnxa64/libmwservices.so
7ffeb6767000-7ffeb6777000 rw-p 00000000 00:00 0 
7ffeb6777000-7ffeb67af000 r-xp 00000000 00:25 1704136                    /net/per900a/usr/local/matlab2009b/bin/glnxa64/libmwmpath.so
7ffeb67af000-7ffeb69ae000 ---p 00038000 00:25 1704136                    /net/per900a/usr/local/matlab2009b/bin/glnxa64/libmwmpath.so
7ffeb69ae000-7ffeb69b2000 rw-p 00037000 00:25 1704136                    /net/per900a/usr/local/matlab2009b/bin/glnxa64/libmwmpath.so
7ffeb69b2000-7ffeb69b5000 rw-p 00000000 00:00 0 
7ffeb69b5000-7ffeb6a47000 r-xp 00000000 00:25 1704172                    /net/per900a/usr/local/matlab2009b/bin/glnxa64/libmx.so
7ffeb6a47000-7ffeb6c47000 ---p 00092000 00:25 1704172                    /net/per900a/usr/local/matlab2009b/bin/glnxa64/libmx.so
7ffeb6c47000-7ffeb6c4a000 rw-p 00092000 00:25 1704172                    /net/per900a/usr/local/matlab2009b/bin/glnxa64/libmx.so
7ffeb6c4a000-7ffeb6c87000 r-xp 00000000 00:25 1704060                    /net/per900a/usr/local/matlab2009b/bin/glnxa64/libmwfl.so
7ffeb6c87000-7ffeb6e87000 ---p 0003d000 00:25 1704060                    /net/per900a/usr/local/matlab2009b/bin/glnxa64/libmwfl.so
7ffeb6e87000-7ffeb6e8c000 rw-p 0003d000 00:25 1704060                    /net/per900a/usr/local/matlab2009b/bin/glnxa64/libmwfl.so
7ffeb6e8c000-7ffeb6f52000 r-xp 00000000 00:25 1704231                    /net/per900a/usr/local/matlab2009b/bin/glnxa64/libut.so
7ffeb6f52000-7ffeb7151000 ---p 000c6000 00:25 1704231                    /net/per900a/usr/local/matlab2009b/bin/glnxa64/libut.so
7ffeb7151000-7ffeb715b000 rw-p 000c5000 00:25 1704231                    /net/per900a/usr/local/matlab2009b/bin/glnxa64/libut.so
7ffeb715b000-7ffeb7172000 rw-p 00000000 00:00 0 
7fff813ac000-7fff813c1000 rwxp 00000000 00:00 0                          [stack]
7fff813c1000-7fff813c2000 rw-p 00000000 00:00 0 
7fff813ff000-7fff81400000 r-xp 00000000 00:00 0                          [vdso]
ffffffffff600000-ffffffffff601000 r-xp 00000000 00:00 0                  [vsyscall]

VM Arguments:
jvm_args: -Xms64m -XX:NewRatio=3 -XX:MaxPermSize=128m -Xmx196m -XX:MaxDirectMemorySize=2147400000 -Djava.util.prefs.PreferencesFactory=com.mathworks.util.DisabledPreferencesFactory -XX:+AllowUserSignalHandlers -Xrs -Djava.library.path=/net/per900a/usr/local/matlab2009b/bin/glnxa64 vfprintf abort -Djava.awt.headless=true -Xrs -Dfile.encoding=UTF-8 
java_command: <unknown>
Launcher Type: generic

Environment Variables:
PATH=/net/per900a/raid0/plsang/software/gcc-4.8.1/release/bin:/net/per900a/raid0/plsang/software/ffmpeg-2.0/release-shared/bin:/net/per900a/raid0/plsang/usr.local/bin:/net/per900a/raid0/plsang/software/openmpi-1.6.5/release-shared/bin:/net/per900a/raid0/plsang/software/screen/release/bin:/usr/lib64/qt-3.3/bin:/usr/local/bin:/bin:/usr/bin:/usr/local/sbin:/usr/sbin:/sbin:/opt/dell/srvadmin/bin
LD_LIBRARY_PATH=/net/per900a/usr/local/matlab2009b/sys/os/glnxa64:/net/per900a/usr/local/matlab2009b/bin/glnxa64:/net/per900a/usr/local/matlab2009b/extern/lib/glnxa64:/net/per900a/usr/local/matlab2009b/sys/java/jre/glnxa64/jre/lib/amd64/native_threads:/net/per900a/usr/local/matlab2009b/sys/java/jre/glnxa64/jre/lib/amd64/server:/net/per900a/usr/local/matlab2009b/sys/java/jre/glnxa64/jre/lib/amd64:/net/per900a/usr/local/matlab2009b/sys/os/glnxa64:/net/per900a/usr/local/matlab2009b/bin/glnxa64:/net/per900a/usr/local/matlab2009b/extern/lib/glnxa64:/net/per900a/usr/local/matlab2009b/sys/java/jre/glnxa64/jre/lib/amd64/native_threads:/net/per900a/usr/local/matlab2009b/sys/java/jre/glnxa64/jre/lib/amd64/server:/net/per900a/usr/local/matlab2009b/sys/java/jre/glnxa64/jre/lib/amd64:/net/per900a/raid0/plsang/usr.local/lib64:/net/per900a/raid0/plsang/software/ffmpeg-2.0/release-shared/lib:/net/per900a/raid0/plsang/software/gcc-4.8.1/release/lib:/net/per900a/raid0/plsang/software/boost_1_54_0/release/lib:/net/per900a/raid0/plsang/software/opencv-2.4.6.1/release/lib:/net/per900a/raid0/plsang/usr.local/lib:/net/per900a/raid0/plsang/software/openmpi-1.6.5/release-shared/lib:/usr/local/lib
SHELL=/bin/bash
DISPLAY=localhost:12.0
ARCH=glnxa64

Signal Handlers:
SIGSEGV: [libjvm.so+0x5fcd20], sa_mask[0]=0x7ffbfeff, sa_flags=0x10000004
SIGBUS: [libjvm.so+0x5fcd20], sa_mask[0]=0x7ffbfeff, sa_flags=0x10000004
SIGFPE: [libjvm.so+0x4e0eb0], sa_mask[0]=0x7ffbfeff, sa_flags=0x10000004
SIGPIPE: [libjvm.so+0x4e0eb0], sa_mask[0]=0x7ffbfeff, sa_flags=0x10000004
SIGXFSZ: [libjvm.so+0x4e0eb0], sa_mask[0]=0x7ffbfeff, sa_flags=0x10000004
SIGILL: [libjvm.so+0x4e0eb0], sa_mask[0]=0x7ffbfeff, sa_flags=0x10000004
SIGUSR1: SIG_DFL, sa_mask[0]=0x00000000, sa_flags=0x00000000
SIGUSR2: [libjvm.so+0x4e35d0], sa_mask[0]=0x08080002, sa_flags=0x10000004
SIGHUP: SIG_DFL, sa_mask[0]=0x00000000, sa_flags=0x00000000
SIGINT: SIG_DFL, sa_mask[0]=0x00000000, sa_flags=0x00000000
SIGTERM: SIG_DFL, sa_mask[0]=0x00000000, sa_flags=0x00000000
SIGQUIT: [libmwmcr.so+0x52340], sa_mask[0]=0x08080002, sa_flags=0x00000004


---------------  S Y S T E M  ---------------

OS:Red Hat Enterprise Linux Server release 6.5 (Santiago)

uname:Linux 2.6.32-431.17.1.el6.x86_64 #1 SMP Fri Apr 11 17:27:00 EDT 2014 x86_64
libc:glibc 2.12 NPTL 2.12 
rlimit: STACK 10240k, CORE 0k, NPROC 1024, NOFILE 4096, AS infinity
load average:0.12 2.20 3.13

CPU:total 32 (32 cores per cpu, 2 threads per core) family 6 model 15 stepping 2, cmov, cx8, fxsr, mmx, sse, sse2, sse3, ssse3, ht

Memory: 4k page, physical 132147808k(36136612k free), swap 4194296k(4194296k free)

vm_info: Java HotSpot(TM) 64-Bit Server VM (11.2-b01) for linux-amd64 JRE (1.6.0_12-b04), built on Jan 17 2009 01:04:06 by "java_re" with gcc 3.2.2 (SuSE Linux)

time: Fri Dec  5 01:31:18 2014
elapsed time: 0 seconds

